<?xml version="1.0" encoding="UTF-8" ?>
<testsuite tests="106" failures="0" name="com.cogmento_cucumber.runner.RunCukeTest" time="123.991" errors="7" skipped="16">
  <properties>
[...]
</properties>
  <testcase classname="| Cogmento CRM |" name="Given User is on Login page of website &quot;https://ui.cogmento.com/&quot;" time="0.003"/>
  <testcase classname="| Cogmento CRM |" name="When User enters &quot;er_manpreet68@yahoo.com&quot; and &quot;SatnamKaur@1990&quot;" time="0"/>
  <testcase classname="| Cogmento CRM |" name="And User clicks on login button" time="0"/>
  <testcase classname="| Cogmento CRM |" name="Then User should be navigated to Home page" time="0"/>
  <testcase classname="| Cogmento CRM |" name="Then Page title is &quot;Cogmento CRM&quot;" time="0"/>
  <testcase classname="| Cogmento CRM |" name="| Cogmento CRM |" time="16.413"/>
  <testcase classname="| Bob | Marley | Google |" name="Given User is on Login page of website &quot;https://ui.cogmento.com/&quot;" time="0"/>
  <testcase classname="| Bob | Marley | Google |" name="When User enters &quot;er_manpreet68@yahoo.com&quot; and &quot;SatnamKaur@1990&quot;" time="0.002"/>
  <testcase classname="| Bob | Marley | Google |" name="And User clicks on login button" time="0"/>
  <testcase classname="| Bob | Marley | Google |" name="Then User should be navigated to Home page" time="0"/>
  <testcase classname="| Bob | Marley | Google |" name="Given User is already on Home Page" time="0"/>
  <testcase classname="| Bob | Marley | Google |" name="When User clicks on Contact from Side Menu" time="0"/>
  <testcase classname="| Bob | Marley | Google |" name="And User click on Create Contact button" time="0"/>
  <testcase classname="| Bob | Marley | Google |" name="And User enters contact details &quot;Bob&quot;, &quot;Marley&quot; and &quot;Google&quot;" time="0"/>
  <testcase classname="| Bob | Marley | Google |" name="And User click on Save Contact Button" time="0"/>
  <testcase classname="| Bob | Marley | Google |" name="Then New contact should be added" time="0.001"/>
  <testcase classname="| Bob | Marley | Google |" name="| Bob | Marley | Google |" time="2.498"/>
  <testcase classname="| Mark | Twain | FIS |" name="Given User is on Login page of website &quot;https://ui.cogmento.com/&quot;" time="0"/>
  <testcase classname="| Mark | Twain | FIS |" name="When User enters &quot;er_manpreet68@yahoo.com&quot; and &quot;SatnamKaur@1990&quot;" time="0.017">
    <error message="stale element reference: element is not attached to the page document
  (Session info: chrome=90.0.4430.212)
  (Driver info: chromedriver=72.0.3626.69 (3c16f8a135abc0d4da2dff33804db79b849a7c38),platform=Windows NT 10.0.18363 x86_64) (WARNING: The server did not provide any stacktrace information)
Command duration or timeout: 0 milliseconds
For documentation on this error, please visit: https://www.seleniumhq.org/exceptions/stale_element_reference.html
Build info: version: &apos;3.141.59&apos;, revision: &apos;e82be7d358&apos;, time: &apos;2018-11-14T08:17:03&apos;
System info: host: &apos;MANPREET&apos;, ip: &apos;192.168.1.5&apos;, os.name: &apos;Windows 10&apos;, os.arch: &apos;amd64&apos;, os.version: &apos;10.0&apos;, java.version: &apos;1.8.0_65&apos;
Driver info: org.openqa.selenium.chrome.ChromeDriver
Capabilities {acceptInsecureCerts: false, acceptSslCerts: false, applicationCacheEnabled: false, browserConnectionEnabled: false, browserName: chrome, chrome: {chromedriverVersion: 72.0.3626.69 (3c16f8a135abc..., userDataDir: C:\Users\Manpreet\AppData\L...}, cssSelectorsEnabled: true, databaseEnabled: false, goog:chromeOptions: {debuggerAddress: localhost:60774}, handlesAlerts: true, hasTouchScreen: false, javascriptEnabled: true, locationContextEnabled: true, mobileEmulationEnabled: false, nativeEvents: true, networkConnectionEnabled: false, pageLoadStrategy: normal, platform: XP, platformName: XP, proxy: Proxy(), rotatable: false, setWindowRect: true, takesHeapSnapshot: true, takesScreenshot: true, timeouts: {implicit: 0, pageLoad: 300000, script: 30000}, unexpectedAlertBehaviour: ignore, unhandledPromptBehavior: ignore, version: 90.0.4430.212, webStorageEnabled: true}
Session ID: 76942382403637f232087254e02845fc" type="org.openqa.selenium.StaleElementReferenceException">org.openqa.selenium.StaleElementReferenceException: stale element reference: element is not attached to the page document
  (Session info: chrome=90.0.4430.212)
  (Driver info: chromedriver=72.0.3626.69 (3c16f8a135abc0d4da2dff33804db79b849a7c38),platform=Windows NT 10.0.18363 x86_64) (WARNING: The server did not provide any stacktrace information)
Command duration or timeout: 0 milliseconds
For documentation on this error, please visit: https://www.seleniumhq.org/exceptions/stale_element_reference.html
Build info: version: &apos;3.141.59&apos;, revision: &apos;e82be7d358&apos;, time: &apos;2018-11-14T08:17:03&apos;
System info: host: &apos;MANPREET&apos;, ip: &apos;192.168.1.5&apos;, os.name: &apos;Windows 10&apos;, os.arch: &apos;amd64&apos;, os.version: &apos;10.0&apos;, java.version: &apos;1.8.0_65&apos;
Driver info: org.openqa.selenium.chrome.ChromeDriver
Capabilities {acceptInsecureCerts: false, acceptSslCerts: false, applicationCacheEnabled: false, browserConnectionEnabled: false, browserName: chrome, chrome: {chromedriverVersion: 72.0.3626.69 (3c16f8a135abc..., userDataDir: C:\Users\Manpreet\AppData\L...}, cssSelectorsEnabled: true, databaseEnabled: false, goog:chromeOptions: {debuggerAddress: localhost:60774}, handlesAlerts: true, hasTouchScreen: false, javascriptEnabled: true, locationContextEnabled: true, mobileEmulationEnabled: false, nativeEvents: true, networkConnectionEnabled: false, pageLoadStrategy: normal, platform: XP, platformName: XP, proxy: Proxy(), rotatable: false, setWindowRect: true, takesHeapSnapshot: true, takesScreenshot: true, timeouts: {implicit: 0, pageLoad: 300000, script: 30000}, unexpectedAlertBehaviour: ignore, unhandledPromptBehavior: ignore, version: 90.0.4430.212, webStorageEnabled: true}
Session ID: 76942382403637f232087254e02845fc
	at sun.reflect.NativeConstructorAccessorImpl.newInstance0(Native Method)
	at sun.reflect.NativeConstructorAccessorImpl.newInstance(NativeConstructorAccessorImpl.java:62)
	at sun.reflect.DelegatingConstructorAccessorImpl.newInstance(DelegatingConstructorAccessorImpl.java:45)
	at java.lang.reflect.Constructor.newInstance(Constructor.java:422)
	at org.openqa.selenium.remote.ErrorHandler.createThrowable(ErrorHandler.java:214)
	at org.openqa.selenium.remote.ErrorHandler.throwIfResponseFailed(ErrorHandler.java:166)
	at org.openqa.selenium.remote.http.JsonHttpResponseCodec.reconstructValue(JsonHttpResponseCodec.java:40)
	at org.openqa.selenium.remote.http.AbstractHttpResponseCodec.decode(AbstractHttpResponseCodec.java:80)
	at org.openqa.selenium.remote.http.AbstractHttpResponseCodec.decode(AbstractHttpResponseCodec.java:44)
	at org.openqa.selenium.remote.HttpCommandExecutor.execute(HttpCommandExecutor.java:158)
	at org.openqa.selenium.remote.service.DriverCommandExecutor.execute(DriverCommandExecutor.java:83)
	at org.openqa.selenium.remote.RemoteWebDriver.execute(RemoteWebDriver.java:552)
	at org.openqa.selenium.remote.RemoteWebElement.execute(RemoteWebElement.java:285)
	at org.openqa.selenium.remote.RemoteWebElement.isDisplayed(RemoteWebElement.java:326)
	at sun.reflect.NativeMethodAccessorImpl.invoke0(Native Method)
	at sun.reflect.NativeMethodAccessorImpl.invoke(NativeMethodAccessorImpl.java:62)
	at sun.reflect.DelegatingMethodAccessorImpl.invoke(DelegatingMethodAccessorImpl.java:43)
	at java.lang.reflect.Method.invoke(Method.java:497)
	at org.openqa.selenium.support.pagefactory.internal.LocatingElementHandler.invoke(LocatingElementHandler.java:51)
	at com.sun.proxy.$Proxy19.isDisplayed(Unknown Source)
	at org.openqa.selenium.support.ui.ExpectedConditions.elementIfVisible(ExpectedConditions.java:314)
	at org.openqa.selenium.support.ui.ExpectedConditions.access$000(ExpectedConditions.java:43)
	at org.openqa.selenium.support.ui.ExpectedConditions$10.apply(ExpectedConditions.java:300)
	at org.openqa.selenium.support.ui.ExpectedConditions$10.apply(ExpectedConditions.java:297)
	at org.openqa.selenium.support.ui.FluentWait.until(FluentWait.java:249)
	at com.cogmento_cucumber.base.BasePage.waitForElementToBeVisible(BasePage.java:31)
	at com.cogmento_cucumber.pages.LoginPage.enterUserNameAndPassword(LoginPage.java:26)
	at com.cogmento_cucumber.steps.CogmentoLoginSteps.user_enters_and(CogmentoLoginSteps.java:25)
	at ✽.When User enters &quot;er_manpreet68@yahoo.com&quot; and &quot;SatnamKaur@1990&quot;(Login_Contacts_Deals_Companies.feature:7)
</error>
  </testcase>
  <testcase classname="| Mark | Twain | FIS |" name="| Mark | Twain | FIS |" time="0.019">
    <error message="stale element reference: element is not attached to the page document
  (Session info: chrome=90.0.4430.212)
  (Driver info: chromedriver=72.0.3626.69 (3c16f8a135abc0d4da2dff33804db79b849a7c38),platform=Windows NT 10.0.18363 x86_64) (WARNING: The server did not provide any stacktrace information)
Command duration or timeout: 0 milliseconds
For documentation on this error, please visit: https://www.seleniumhq.org/exceptions/stale_element_reference.html
Build info: version: &apos;3.141.59&apos;, revision: &apos;e82be7d358&apos;, time: &apos;2018-11-14T08:17:03&apos;
System info: host: &apos;MANPREET&apos;, ip: &apos;192.168.1.5&apos;, os.name: &apos;Windows 10&apos;, os.arch: &apos;amd64&apos;, os.version: &apos;10.0&apos;, java.version: &apos;1.8.0_65&apos;
Driver info: org.openqa.selenium.chrome.ChromeDriver
Capabilities {acceptInsecureCerts: false, acceptSslCerts: false, applicationCacheEnabled: false, browserConnectionEnabled: false, browserName: chrome, chrome: {chromedriverVersion: 72.0.3626.69 (3c16f8a135abc..., userDataDir: C:\Users\Manpreet\AppData\L...}, cssSelectorsEnabled: true, databaseEnabled: false, goog:chromeOptions: {debuggerAddress: localhost:60774}, handlesAlerts: true, hasTouchScreen: false, javascriptEnabled: true, locationContextEnabled: true, mobileEmulationEnabled: false, nativeEvents: true, networkConnectionEnabled: false, pageLoadStrategy: normal, platform: XP, platformName: XP, proxy: Proxy(), rotatable: false, setWindowRect: true, takesHeapSnapshot: true, takesScreenshot: true, timeouts: {implicit: 0, pageLoad: 300000, script: 30000}, unexpectedAlertBehaviour: ignore, unhandledPromptBehavior: ignore, version: 90.0.4430.212, webStorageEnabled: true}
Session ID: 76942382403637f232087254e02845fc" type="org.openqa.selenium.StaleElementReferenceException">org.openqa.selenium.StaleElementReferenceException: stale element reference: element is not attached to the page document
  (Session info: chrome=90.0.4430.212)
  (Driver info: chromedriver=72.0.3626.69 (3c16f8a135abc0d4da2dff33804db79b849a7c38),platform=Windows NT 10.0.18363 x86_64) (WARNING: The server did not provide any stacktrace information)
Command duration or timeout: 0 milliseconds
For documentation on this error, please visit: https://www.seleniumhq.org/exceptions/stale_element_reference.html
Build info: version: &apos;3.141.59&apos;, revision: &apos;e82be7d358&apos;, time: &apos;2018-11-14T08:17:03&apos;
System info: host: &apos;MANPREET&apos;, ip: &apos;192.168.1.5&apos;, os.name: &apos;Windows 10&apos;, os.arch: &apos;amd64&apos;, os.version: &apos;10.0&apos;, java.version: &apos;1.8.0_65&apos;
Driver info: org.openqa.selenium.chrome.ChromeDriver
Capabilities {acceptInsecureCerts: false, acceptSslCerts: false, applicationCacheEnabled: false, browserConnectionEnabled: false, browserName: chrome, chrome: {chromedriverVersion: 72.0.3626.69 (3c16f8a135abc..., userDataDir: C:\Users\Manpreet\AppData\L...}, cssSelectorsEnabled: true, databaseEnabled: false, goog:chromeOptions: {debuggerAddress: localhost:60774}, handlesAlerts: true, hasTouchScreen: false, javascriptEnabled: true, locationContextEnabled: true, mobileEmulationEnabled: false, nativeEvents: true, networkConnectionEnabled: false, pageLoadStrategy: normal, platform: XP, platformName: XP, proxy: Proxy(), rotatable: false, setWindowRect: true, takesHeapSnapshot: true, takesScreenshot: true, timeouts: {implicit: 0, pageLoad: 300000, script: 30000}, unexpectedAlertBehaviour: ignore, unhandledPromptBehavior: ignore, version: 90.0.4430.212, webStorageEnabled: true}
Session ID: 76942382403637f232087254e02845fc
	at sun.reflect.NativeConstructorAccessorImpl.newInstance0(Native Method)
	at sun.reflect.NativeConstructorAccessorImpl.newInstance(NativeConstructorAccessorImpl.java:62)
	at sun.reflect.DelegatingConstructorAccessorImpl.newInstance(DelegatingConstructorAccessorImpl.java:45)
	at java.lang.reflect.Constructor.newInstance(Constructor.java:422)
	at org.openqa.selenium.remote.ErrorHandler.createThrowable(ErrorHandler.java:214)
	at org.openqa.selenium.remote.ErrorHandler.throwIfResponseFailed(ErrorHandler.java:166)
	at org.openqa.selenium.remote.http.JsonHttpResponseCodec.reconstructValue(JsonHttpResponseCodec.java:40)
	at org.openqa.selenium.remote.http.AbstractHttpResponseCodec.decode(AbstractHttpResponseCodec.java:80)
	at org.openqa.selenium.remote.http.AbstractHttpResponseCodec.decode(AbstractHttpResponseCodec.java:44)
	at org.openqa.selenium.remote.HttpCommandExecutor.execute(HttpCommandExecutor.java:158)
	at org.openqa.selenium.remote.service.DriverCommandExecutor.execute(DriverCommandExecutor.java:83)
	at org.openqa.selenium.remote.RemoteWebDriver.execute(RemoteWebDriver.java:552)
	at org.openqa.selenium.remote.RemoteWebElement.execute(RemoteWebElement.java:285)
	at org.openqa.selenium.remote.RemoteWebElement.isDisplayed(RemoteWebElement.java:326)
	at sun.reflect.NativeMethodAccessorImpl.invoke0(Native Method)
	at sun.reflect.NativeMethodAccessorImpl.invoke(NativeMethodAccessorImpl.java:62)
	at sun.reflect.DelegatingMethodAccessorImpl.invoke(DelegatingMethodAccessorImpl.java:43)
	at java.lang.reflect.Method.invoke(Method.java:497)
	at org.openqa.selenium.support.pagefactory.internal.LocatingElementHandler.invoke(LocatingElementHandler.java:51)
	at com.sun.proxy.$Proxy19.isDisplayed(Unknown Source)
	at org.openqa.selenium.support.ui.ExpectedConditions.elementIfVisible(ExpectedConditions.java:314)
	at org.openqa.selenium.support.ui.ExpectedConditions.access$000(ExpectedConditions.java:43)
	at org.openqa.selenium.support.ui.ExpectedConditions$10.apply(ExpectedConditions.java:300)
	at org.openqa.selenium.support.ui.ExpectedConditions$10.apply(ExpectedConditions.java:297)
	at org.openqa.selenium.support.ui.FluentWait.until(FluentWait.java:249)
	at com.cogmento_cucumber.base.BasePage.waitForElementToBeVisible(BasePage.java:31)
	at com.cogmento_cucumber.pages.LoginPage.enterUserNameAndPassword(LoginPage.java:26)
	at com.cogmento_cucumber.steps.CogmentoLoginSteps.user_enters_and(CogmentoLoginSteps.java:25)
	at ✽.When User enters &quot;er_manpreet68@yahoo.com&quot; and &quot;SatnamKaur@1990&quot;(Login_Contacts_Deals_Companies.feature:7)
</error>
  </testcase>
  <testcase classname="| Mark | Twain | FIS |" name="And User clicks on login button" time="0.02">
    <skipped/>
  </testcase>
  <testcase classname="| Mark | Twain | FIS |" name="Then User should be navigated to Home page" time="0.02">
    <skipped/>
  </testcase>
  <testcase classname="| Mark | Twain | FIS |" name="Given User is already on Home Page" time="0.046">
    <skipped/>
    <system-out>
  Background: User is already on login page of application            # Login_Contacts_Deals_Companies.feature:5
    Given User is on Login page of website &quot;https://ui.cogmento.com/&quot; # CogmentoLoginSteps.user_is_on_Login_page_of_website(String)
    When User enters &quot;er_manpreet68@yahoo.com&quot; and &quot;SatnamKaur@1990&quot;  # CogmentoLoginSteps.user_enters_and(String,String)
      org.openqa.selenium.StaleElementReferenceException: stale element reference: element is not attached to the page document
        (Session info: chrome=90.0.4430.212)
        (Driver info: chromedriver=72.0.3626.69 (3c16f8a135abc0d4da2dff33804db79b849a7c38),platform=Windows NT 10.0.18363 x86_64) (WARNING: The server did not provide any stacktrace information)
      Command duration or timeout: 0 milliseconds
      For documentation on this error, please visit: https://www.seleniumhq.org/exceptions/stale_element_reference.html
      Build info: version: &apos;3.141.59&apos;, revision: &apos;e82be7d358&apos;, time: &apos;2018-11-14T08:17:03&apos;
      System info: host: &apos;MANPREET&apos;, ip: &apos;192.168.1.5&apos;, os.name: &apos;Windows 10&apos;, os.arch: &apos;amd64&apos;, os.version: &apos;10.0&apos;, java.version: &apos;1.8.0_65&apos;
      Driver info: org.openqa.selenium.chrome.ChromeDriver
      Capabilities {acceptInsecureCerts: false, acceptSslCerts: false, applicationCacheEnabled: false, browserConnectionEnabled: false, browserName: chrome, chrome: {chromedriverVersion: 72.0.3626.69 (3c16f8a135abc..., userDataDir: C:\Users\Manpreet\AppData\L...}, cssSelectorsEnabled: true, databaseEnabled: false, goog:chromeOptions: {debuggerAddress: localhost:60774}, handlesAlerts: true, hasTouchScreen: false, javascriptEnabled: true, locationContextEnabled: true, mobileEmulationEnabled: false, nativeEvents: true, networkConnectionEnabled: false, pageLoadStrategy: normal, platform: XP, platformName: XP, proxy: Proxy(), rotatable: false, setWindowRect: true, takesHeapSnapshot: true, takesScreenshot: true, timeouts: {implicit: 0, pageLoad: 300000, script: 30000}, unexpectedAlertBehaviour: ignore, unhandledPromptBehavior: ignore, version: 90.0.4430.212, webStorageEnabled: true}
      Session ID: 76942382403637f232087254e02845fc
      	at sun.reflect.NativeConstructorAccessorImpl.newInstance0(Native Method)
      	at sun.reflect.NativeConstructorAccessorImpl.newInstance(NativeConstructorAccessorImpl.java:62)
      	at sun.reflect.DelegatingConstructorAccessorImpl.newInstance(DelegatingConstructorAccessorImpl.java:45)
      	at java.lang.reflect.Constructor.newInstance(Constructor.java:422)
      	at org.openqa.selenium.remote.ErrorHandler.createThrowable(ErrorHandler.java:214)
      	at org.openqa.selenium.remote.ErrorHandler.throwIfResponseFailed(ErrorHandler.java:166)
      	at org.openqa.selenium.remote.http.JsonHttpResponseCodec.reconstructValue(JsonHttpResponseCodec.java:40)
      	at org.openqa.selenium.remote.http.AbstractHttpResponseCodec.decode(AbstractHttpResponseCodec.java:80)
      	at org.openqa.selenium.remote.http.AbstractHttpResponseCodec.decode(AbstractHttpResponseCodec.java:44)
      	at org.openqa.selenium.remote.HttpCommandExecutor.execute(HttpCommandExecutor.java:158)
      	at org.openqa.selenium.remote.service.DriverCommandExecutor.execute(DriverCommandExecutor.java:83)
      	at org.openqa.selenium.remote.RemoteWebDriver.execute(RemoteWebDriver.java:552)
      	at org.openqa.selenium.remote.RemoteWebElement.execute(RemoteWebElement.java:285)
      	at org.openqa.selenium.remote.RemoteWebElement.isDisplayed(RemoteWebElement.java:326)
      	at sun.reflect.NativeMethodAccessorImpl.invoke0(Native Method)
      	at sun.reflect.NativeMethodAccessorImpl.invoke(NativeMethodAccessorImpl.java:62)
      	at sun.reflect.DelegatingMethodAccessorImpl.invoke(DelegatingMethodAccessorImpl.java:43)
      	at java.lang.reflect.Method.invoke(Method.java:497)
      	at org.openqa.selenium.support.pagefactory.internal.LocatingElementHandler.invoke(LocatingElementHandler.java:51)
      	at com.sun.proxy.$Proxy19.isDisplayed(Unknown Source)
      	at org.openqa.selenium.support.ui.ExpectedConditions.elementIfVisible(ExpectedConditions.java:314)
      	at org.openqa.selenium.support.ui.ExpectedConditions.access$000(ExpectedConditions.java:43)
      	at org.openqa.selenium.support.ui.ExpectedConditions$10.apply(ExpectedConditions.java:300)
      	at org.openqa.selenium.support.ui.ExpectedConditions$10.apply(ExpectedConditions.java:297)
      	at org.openqa.selenium.support.ui.FluentWait.until(FluentWait.java:249)
      	at com.cogmento_cucumber.base.BasePage.waitForElementToBeVisible(BasePage.java:31)
      	at com.cogmento_cucumber.pages.LoginPage.enterUserNameAndPassword(LoginPage.java:26)
      	at com.cogmento_cucumber.steps.CogmentoLoginSteps.user_enters_and(CogmentoLoginSteps.java:25)
      	at ?.When User enters &quot;er_manpreet68@yahoo.com&quot; and &quot;SatnamKaur@1990&quot;(Login_Contacts_Deals_Companies.feature:7)

    And User clicks on login button                                   # CogmentoLoginSteps.user_clicks_on_login_button()
    Then User should be navigated to Home page                        # CogmentoLoginSteps.user_should_be_navigated_to_Home_page()
</system-out>
  </testcase>
  <testcase classname="| Mark | Twain | FIS |" name="When User clicks on Contact from Side Menu" time="0.047">
    <skipped/>
  </testcase>
  <testcase classname="| Mark | Twain | FIS |" name="And User click on Create Contact button" time="0.047">
    <skipped/>
  </testcase>
  <testcase classname="| Mark | Twain | FIS |" name="And User enters contact details &quot;Mark&quot;, &quot;Twain&quot; and &quot;FIS&quot;" time="0.047">
    <skipped/>
  </testcase>
  <testcase classname="| Mark | Twain | FIS |" name="And User click on Save Contact Button" time="0.047">
    <skipped/>
  </testcase>
  <testcase classname="| Mark | Twain | FIS |" name="Then New contact should be added" time="0.047">
    <skipped/>
  </testcase>
  <testcase classname="| Harley | Quinn | Microsoft |" name="Given User is on Login page of website &quot;https://ui.cogmento.com/&quot;" time="0"/>
  <testcase classname="| Harley | Quinn | Microsoft |" name="When User enters &quot;er_manpreet68@yahoo.com&quot; and &quot;SatnamKaur@1990&quot;" time="0"/>
  <testcase classname="| Harley | Quinn | Microsoft |" name="And User clicks on login button" time="0"/>
  <testcase classname="| Harley | Quinn | Microsoft |" name="Then User should be navigated to Home page" time="0"/>
  <testcase classname="| Harley | Quinn | Microsoft |" name="Given User is already on Home Page" time="0"/>
  <testcase classname="| Harley | Quinn | Microsoft |" name="When User clicks on Contact from Side Menu" time="0"/>
  <testcase classname="| Harley | Quinn | Microsoft |" name="And User click on Create Contact button" time="0"/>
  <testcase classname="| Harley | Quinn | Microsoft |" name="And User enters contact details &quot;Harley&quot;, &quot;Quinn&quot; and &quot;Microsoft&quot;" time="0"/>
  <testcase classname="| Harley | Quinn | Microsoft |" name="And User click on Save Contact Button" time="0"/>
  <testcase classname="| Harley | Quinn | Microsoft |" name="Then New contact should be added" time="0"/>
  <testcase classname="| Harley | Quinn | Microsoft |" name="| Harley | Quinn | Microsoft |" time="1.319"/>
  <testcase classname="| Space | SpaceX | Building awesome rockets |" name="Given User is on Login page of website &quot;https://ui.cogmento.com/&quot;" time="0"/>
  <testcase classname="| Space | SpaceX | Building awesome rockets |" name="When User enters &quot;er_manpreet68@yahoo.com&quot; and &quot;SatnamKaur@1990&quot;" time="0"/>
  <testcase classname="| Space | SpaceX | Building awesome rockets |" name="And User clicks on login button" time="0"/>
  <testcase classname="| Space | SpaceX | Building awesome rockets |" name="Then User should be navigated to Home page" time="0"/>
  <testcase classname="| Space | SpaceX | Building awesome rockets |" name="Given User is already on Home Page" time="0"/>
  <testcase classname="| Space | SpaceX | Building awesome rockets |" name="When User clicks on Deals from Side Menu" time="0"/>
  <testcase classname="| Space | SpaceX | Building awesome rockets |" name="And User click on Create Deal button" time="0"/>
  <testcase classname="| Space | SpaceX | Building awesome rockets |" name="And User enters deal details &quot;Space&quot;, &quot;SpaceX&quot; and &quot;Building awesome rockets&quot;" time="0"/>
  <testcase classname="| Space | SpaceX | Building awesome rockets |" name="And User click on Save Deal Button" time="0"/>
  <testcase classname="| Space | SpaceX | Building awesome rockets |" name="Then New deal should be added" time="0"/>
  <testcase classname="| Space | SpaceX | Building awesome rockets |" name="| Space | SpaceX | Building awesome rockets |" time="40.209"/>
  <testcase classname="| Automobile | Tesla | Battery powered cars |" name="Given User is on Login page of website &quot;https://ui.cogmento.com/&quot;" time="0"/>
  <testcase classname="| Automobile | Tesla | Battery powered cars |" name="When User enters &quot;er_manpreet68@yahoo.com&quot; and &quot;SatnamKaur@1990&quot;" time="0"/>
  <testcase classname="| Automobile | Tesla | Battery powered cars |" name="And User clicks on login button" time="0"/>
  <testcase classname="| Automobile | Tesla | Battery powered cars |" name="Then User should be navigated to Home page" time="0"/>
  <testcase classname="| Automobile | Tesla | Battery powered cars |" name="Given User is already on Home Page" time="0"/>
  <testcase classname="| Automobile | Tesla | Battery powered cars |" name="When User clicks on Deals from Side Menu" time="0"/>
  <testcase classname="| Automobile | Tesla | Battery powered cars |" name="And User click on Create Deal button" time="0"/>
  <testcase classname="| Automobile | Tesla | Battery powered cars |" name="And User enters deal details &quot;Automobile&quot;, &quot;Tesla&quot; and &quot;Battery powered cars&quot;" time="0"/>
  <testcase classname="| Automobile | Tesla | Battery powered cars |" name="And User click on Save Deal Button" time="0"/>
  <testcase classname="| Automobile | Tesla | Battery powered cars |" name="Then New deal should be added" time="0"/>
  <testcase classname="| Automobile | Tesla | Battery powered cars |" name="| Automobile | Tesla | Battery powered cars |" time="1.024"/>
  <testcase classname="| Food manufacturing | Nestle | Making Maggi for generations |" name="Given User is on Login page of website &quot;https://ui.cogmento.com/&quot;" time="0"/>
  <testcase classname="| Food manufacturing | Nestle | Making Maggi for generations |" name="When User enters &quot;er_manpreet68@yahoo.com&quot; and &quot;SatnamKaur@1990&quot;" time="0"/>
  <testcase classname="| Food manufacturing | Nestle | Making Maggi for generations |" name="And User clicks on login button" time="0"/>
  <testcase classname="| Food manufacturing | Nestle | Making Maggi for generations |" name="Then User should be navigated to Home page" time="0"/>
  <testcase classname="| Food manufacturing | Nestle | Making Maggi for generations |" name="Given User is already on Home Page" time="0"/>
  <testcase classname="| Food manufacturing | Nestle | Making Maggi for generations |" name="When User clicks on Deals from Side Menu" time="0"/>
  <testcase classname="| Food manufacturing | Nestle | Making Maggi for generations |" name="And User click on Create Deal button" time="0"/>
  <testcase classname="| Food manufacturing | Nestle | Making Maggi for generations |" name="And User enters deal details &quot;Food manufacturing&quot;, &quot;Nestle&quot; and &quot;Making Maggi for generations&quot;" time="0"/>
  <testcase classname="| Food manufacturing | Nestle | Making Maggi for generations |" name="And User click on Save Deal Button" time="0"/>
  <testcase classname="| Food manufacturing | Nestle | Making Maggi for generations |" name="Then New deal should be added" time="0"/>
  <testcase classname="| Food manufacturing | Nestle | Making Maggi for generations |" name="| Food manufacturing | Nestle | Making Maggi for generations |" time="0.983"/>
  <testcase classname="| Nestle | Food manufacturing | Making Maggi for generations |" name="Given User is on Login page of website &quot;https://ui.cogmento.com/&quot;" time="0"/>
  <testcase classname="| Nestle | Food manufacturing | Making Maggi for generations |" name="When User enters &quot;er_manpreet68@yahoo.com&quot; and &quot;SatnamKaur@1990&quot;" time="0"/>
  <testcase classname="| Nestle | Food manufacturing | Making Maggi for generations |" name="And User clicks on login button" time="0"/>
  <testcase classname="| Nestle | Food manufacturing | Making Maggi for generations |" name="Then User should be navigated to Home page" time="0"/>
  <testcase classname="| Nestle | Food manufacturing | Making Maggi for generations |" name="Given User is already on Home Page" time="0"/>
  <testcase classname="| Nestle | Food manufacturing | Making Maggi for generations |" name="When User clicks on Companies from Side Menu" time="0"/>
  <testcase classname="| Nestle | Food manufacturing | Making Maggi for generations |" name="And User click on Create Company button" time="0"/>
  <testcase classname="| Nestle | Food manufacturing | Making Maggi for generations |" name="And User enters company details &quot;Nestle&quot;, &quot;Food manufacturing&quot; and &quot;Making Maggi for generations&quot;" time="0"/>
  <testcase classname="| Nestle | Food manufacturing | Making Maggi for generations |" name="And User click on Save Company Button" time="0"/>
  <testcase classname="| Nestle | Food manufacturing | Making Maggi for generations |" name="Then New Company should be added" time="0.002">
    <error message="Expected condition failed: waiting for visibility of [[ChromeDriver: chrome on XP (5465a2d02aab888b722d5df1ba754aaa)] -&gt; xpath: //span[text()=&apos;Home&apos;]//preceding::i] (tried for 60 second(s) with 500 milliseconds interval)
Build info: version: &apos;3.141.59&apos;, revision: &apos;e82be7d358&apos;, time: &apos;2018-11-14T08:17:03&apos;
System info: host: &apos;MANPREET&apos;, ip: &apos;192.168.1.5&apos;, os.name: &apos;Windows 10&apos;, os.arch: &apos;amd64&apos;, os.version: &apos;10.0&apos;, java.version: &apos;1.8.0_65&apos;
Driver info: org.openqa.selenium.chrome.ChromeDriver
Capabilities {acceptInsecureCerts: false, acceptSslCerts: false, applicationCacheEnabled: false, browserConnectionEnabled: false, browserName: chrome, chrome: {chromedriverVersion: 72.0.3626.69 (3c16f8a135abc..., userDataDir: C:\Users\Manpreet\AppData\L...}, cssSelectorsEnabled: true, databaseEnabled: false, goog:chromeOptions: {debuggerAddress: localhost:61057}, handlesAlerts: true, hasTouchScreen: false, javascriptEnabled: true, locationContextEnabled: true, mobileEmulationEnabled: false, nativeEvents: true, networkConnectionEnabled: false, pageLoadStrategy: normal, platform: XP, platformName: XP, proxy: Proxy(), rotatable: false, setWindowRect: true, takesHeapSnapshot: true, takesScreenshot: true, timeouts: {implicit: 0, pageLoad: 300000, script: 30000}, unexpectedAlertBehaviour: ignore, unhandledPromptBehavior: ignore, version: 90.0.4430.212, webStorageEnabled: true}
Session ID: 5465a2d02aab888b722d5df1ba754aaa" type="org.openqa.selenium.TimeoutException">org.openqa.selenium.TimeoutException: Expected condition failed: waiting for visibility of [[ChromeDriver: chrome on XP (5465a2d02aab888b722d5df1ba754aaa)] -&gt; xpath: //span[text()=&apos;Home&apos;]//preceding::i] (tried for 60 second(s) with 500 milliseconds interval)
Build info: version: &apos;3.141.59&apos;, revision: &apos;e82be7d358&apos;, time: &apos;2018-11-14T08:17:03&apos;
System info: host: &apos;MANPREET&apos;, ip: &apos;192.168.1.5&apos;, os.name: &apos;Windows 10&apos;, os.arch: &apos;amd64&apos;, os.version: &apos;10.0&apos;, java.version: &apos;1.8.0_65&apos;
Driver info: org.openqa.selenium.chrome.ChromeDriver
Capabilities {acceptInsecureCerts: false, acceptSslCerts: false, applicationCacheEnabled: false, browserConnectionEnabled: false, browserName: chrome, chrome: {chromedriverVersion: 72.0.3626.69 (3c16f8a135abc..., userDataDir: C:\Users\Manpreet\AppData\L...}, cssSelectorsEnabled: true, databaseEnabled: false, goog:chromeOptions: {debuggerAddress: localhost:61057}, handlesAlerts: true, hasTouchScreen: false, javascriptEnabled: true, locationContextEnabled: true, mobileEmulationEnabled: false, nativeEvents: true, networkConnectionEnabled: false, pageLoadStrategy: normal, platform: XP, platformName: XP, proxy: Proxy(), rotatable: false, setWindowRect: true, takesHeapSnapshot: true, takesScreenshot: true, timeouts: {implicit: 0, pageLoad: 300000, script: 30000}, unexpectedAlertBehaviour: ignore, unhandledPromptBehavior: ignore, version: 90.0.4430.212, webStorageEnabled: true}
Session ID: 5465a2d02aab888b722d5df1ba754aaa
	at org.openqa.selenium.support.ui.WebDriverWait.timeoutException(WebDriverWait.java:95)
	at org.openqa.selenium.support.ui.FluentWait.until(FluentWait.java:272)
	at com.cogmento_cucumber.base.BasePage.waitForElementToBeVisible(BasePage.java:31)
	at com.cogmento_cucumber.base.BasePage.isElementPresent(BasePage.java:40)
	at com.cogmento_cucumber.pages.CompaniesPage.verifyNewCompanyAdded(CompaniesPage.java:29)
	at com.cogmento_cucumber.steps.CreateNewCompanySteps.new_Company_should_be_added(CreateNewCompanySteps.java:38)
	at ✽.Then New Company should be added(Login_Contacts_Deals_Companies.feature:57)
</error>
  </testcase>
  <testcase classname="| Nestle | Food manufacturing | Making Maggi for generations |" name="| Nestle | Food manufacturing | Making Maggi for generations |" time="0.002">
    <error message="Expected condition failed: waiting for visibility of [[ChromeDriver: chrome on XP (5465a2d02aab888b722d5df1ba754aaa)] -&gt; xpath: //span[text()=&apos;Home&apos;]//preceding::i] (tried for 60 second(s) with 500 milliseconds interval)
Build info: version: &apos;3.141.59&apos;, revision: &apos;e82be7d358&apos;, time: &apos;2018-11-14T08:17:03&apos;
System info: host: &apos;MANPREET&apos;, ip: &apos;192.168.1.5&apos;, os.name: &apos;Windows 10&apos;, os.arch: &apos;amd64&apos;, os.version: &apos;10.0&apos;, java.version: &apos;1.8.0_65&apos;
Driver info: org.openqa.selenium.chrome.ChromeDriver
Capabilities {acceptInsecureCerts: false, acceptSslCerts: false, applicationCacheEnabled: false, browserConnectionEnabled: false, browserName: chrome, chrome: {chromedriverVersion: 72.0.3626.69 (3c16f8a135abc..., userDataDir: C:\Users\Manpreet\AppData\L...}, cssSelectorsEnabled: true, databaseEnabled: false, goog:chromeOptions: {debuggerAddress: localhost:61057}, handlesAlerts: true, hasTouchScreen: false, javascriptEnabled: true, locationContextEnabled: true, mobileEmulationEnabled: false, nativeEvents: true, networkConnectionEnabled: false, pageLoadStrategy: normal, platform: XP, platformName: XP, proxy: Proxy(), rotatable: false, setWindowRect: true, takesHeapSnapshot: true, takesScreenshot: true, timeouts: {implicit: 0, pageLoad: 300000, script: 30000}, unexpectedAlertBehaviour: ignore, unhandledPromptBehavior: ignore, version: 90.0.4430.212, webStorageEnabled: true}
Session ID: 5465a2d02aab888b722d5df1ba754aaa" type="org.openqa.selenium.TimeoutException">org.openqa.selenium.TimeoutException: Expected condition failed: waiting for visibility of [[ChromeDriver: chrome on XP (5465a2d02aab888b722d5df1ba754aaa)] -&gt; xpath: //span[text()=&apos;Home&apos;]//preceding::i] (tried for 60 second(s) with 500 milliseconds interval)
Build info: version: &apos;3.141.59&apos;, revision: &apos;e82be7d358&apos;, time: &apos;2018-11-14T08:17:03&apos;
System info: host: &apos;MANPREET&apos;, ip: &apos;192.168.1.5&apos;, os.name: &apos;Windows 10&apos;, os.arch: &apos;amd64&apos;, os.version: &apos;10.0&apos;, java.version: &apos;1.8.0_65&apos;
Driver info: org.openqa.selenium.chrome.ChromeDriver
Capabilities {acceptInsecureCerts: false, acceptSslCerts: false, applicationCacheEnabled: false, browserConnectionEnabled: false, browserName: chrome, chrome: {chromedriverVersion: 72.0.3626.69 (3c16f8a135abc..., userDataDir: C:\Users\Manpreet\AppData\L...}, cssSelectorsEnabled: true, databaseEnabled: false, goog:chromeOptions: {debuggerAddress: localhost:61057}, handlesAlerts: true, hasTouchScreen: false, javascriptEnabled: true, locationContextEnabled: true, mobileEmulationEnabled: false, nativeEvents: true, networkConnectionEnabled: false, pageLoadStrategy: normal, platform: XP, platformName: XP, proxy: Proxy(), rotatable: false, setWindowRect: true, takesHeapSnapshot: true, takesScreenshot: true, timeouts: {implicit: 0, pageLoad: 300000, script: 30000}, unexpectedAlertBehaviour: ignore, unhandledPromptBehavior: ignore, version: 90.0.4430.212, webStorageEnabled: true}
Session ID: 5465a2d02aab888b722d5df1ba754aaa
	at org.openqa.selenium.support.ui.WebDriverWait.timeoutException(WebDriverWait.java:95)
	at org.openqa.selenium.support.ui.FluentWait.until(FluentWait.java:272)
	at com.cogmento_cucumber.base.BasePage.waitForElementToBeVisible(BasePage.java:31)
	at com.cogmento_cucumber.base.BasePage.isElementPresent(BasePage.java:40)
	at com.cogmento_cucumber.pages.CompaniesPage.verifyNewCompanyAdded(CompaniesPage.java:29)
	at com.cogmento_cucumber.steps.CreateNewCompanySteps.new_Company_should_be_added(CreateNewCompanySteps.java:38)
	at ✽.Then New Company should be added(Login_Contacts_Deals_Companies.feature:57)
</error>
  </testcase>
  <testcase classname="| Nestle | Food manufacturing | Making Maggi for generations |" name="| Nestle | Food manufacturing | Making Maggi for generations |" time="60.123">
    <error message="timeout: Timed out receiving message from renderer: 10.000
  (Session info: chrome=90.0.4430.212)
  (Driver info: chromedriver=72.0.3626.69 (3c16f8a135abc0d4da2dff33804db79b849a7c38),platform=Windows NT 10.0.18363 x86_64) (WARNING: The server did not provide any stacktrace information)
Command duration or timeout: 0 milliseconds
Build info: version: &apos;3.141.59&apos;, revision: &apos;e82be7d358&apos;, time: &apos;2018-11-14T08:17:03&apos;
System info: host: &apos;MANPREET&apos;, ip: &apos;192.168.1.5&apos;, os.name: &apos;Windows 10&apos;, os.arch: &apos;amd64&apos;, os.version: &apos;10.0&apos;, java.version: &apos;1.8.0_65&apos;
Driver info: org.openqa.selenium.chrome.ChromeDriver
Capabilities {acceptInsecureCerts: false, acceptSslCerts: false, applicationCacheEnabled: false, browserConnectionEnabled: false, browserName: chrome, chrome: {chromedriverVersion: 72.0.3626.69 (3c16f8a135abc..., userDataDir: C:\Users\Manpreet\AppData\L...}, cssSelectorsEnabled: true, databaseEnabled: false, goog:chromeOptions: {debuggerAddress: localhost:61057}, handlesAlerts: true, hasTouchScreen: false, javascriptEnabled: true, locationContextEnabled: true, mobileEmulationEnabled: false, nativeEvents: true, networkConnectionEnabled: false, pageLoadStrategy: normal, platform: XP, platformName: XP, proxy: Proxy(), rotatable: false, setWindowRect: true, takesHeapSnapshot: true, takesScreenshot: true, timeouts: {implicit: 0, pageLoad: 300000, script: 30000}, unexpectedAlertBehaviour: ignore, unhandledPromptBehavior: ignore, version: 90.0.4430.212, webStorageEnabled: true}
Session ID: 5465a2d02aab888b722d5df1ba754aaa" type="org.openqa.selenium.TimeoutException">org.openqa.selenium.TimeoutException: timeout: Timed out receiving message from renderer: 10.000
  (Session info: chrome=90.0.4430.212)
  (Driver info: chromedriver=72.0.3626.69 (3c16f8a135abc0d4da2dff33804db79b849a7c38),platform=Windows NT 10.0.18363 x86_64) (WARNING: The server did not provide any stacktrace information)
Command duration or timeout: 0 milliseconds
Build info: version: &apos;3.141.59&apos;, revision: &apos;e82be7d358&apos;, time: &apos;2018-11-14T08:17:03&apos;
System info: host: &apos;MANPREET&apos;, ip: &apos;192.168.1.5&apos;, os.name: &apos;Windows 10&apos;, os.arch: &apos;amd64&apos;, os.version: &apos;10.0&apos;, java.version: &apos;1.8.0_65&apos;
Driver info: org.openqa.selenium.chrome.ChromeDriver
Capabilities {acceptInsecureCerts: false, acceptSslCerts: false, applicationCacheEnabled: false, browserConnectionEnabled: false, browserName: chrome, chrome: {chromedriverVersion: 72.0.3626.69 (3c16f8a135abc..., userDataDir: C:\Users\Manpreet\AppData\L...}, cssSelectorsEnabled: true, databaseEnabled: false, goog:chromeOptions: {debuggerAddress: localhost:61057}, handlesAlerts: true, hasTouchScreen: false, javascriptEnabled: true, locationContextEnabled: true, mobileEmulationEnabled: false, nativeEvents: true, networkConnectionEnabled: false, pageLoadStrategy: normal, platform: XP, platformName: XP, proxy: Proxy(), rotatable: false, setWindowRect: true, takesHeapSnapshot: true, takesScreenshot: true, timeouts: {implicit: 0, pageLoad: 300000, script: 30000}, unexpectedAlertBehaviour: ignore, unhandledPromptBehavior: ignore, version: 90.0.4430.212, webStorageEnabled: true}
Session ID: 5465a2d02aab888b722d5df1ba754aaa
	at sun.reflect.NativeConstructorAccessorImpl.newInstance0(Native Method)
	at sun.reflect.NativeConstructorAccessorImpl.newInstance(NativeConstructorAccessorImpl.java:62)
	at sun.reflect.DelegatingConstructorAccessorImpl.newInstance(DelegatingConstructorAccessorImpl.java:45)
	at java.lang.reflect.Constructor.newInstance(Constructor.java:422)
	at org.openqa.selenium.remote.ErrorHandler.createThrowable(ErrorHandler.java:214)
	at org.openqa.selenium.remote.ErrorHandler.throwIfResponseFailed(ErrorHandler.java:166)
	at org.openqa.selenium.remote.http.JsonHttpResponseCodec.reconstructValue(JsonHttpResponseCodec.java:40)
	at org.openqa.selenium.remote.http.AbstractHttpResponseCodec.decode(AbstractHttpResponseCodec.java:80)
	at org.openqa.selenium.remote.http.AbstractHttpResponseCodec.decode(AbstractHttpResponseCodec.java:44)
	at org.openqa.selenium.remote.HttpCommandExecutor.execute(HttpCommandExecutor.java:158)
	at org.openqa.selenium.remote.service.DriverCommandExecutor.execute(DriverCommandExecutor.java:83)
	at org.openqa.selenium.remote.RemoteWebDriver.execute(RemoteWebDriver.java:552)
	at org.openqa.selenium.remote.RemoteWebDriver.execute(RemoteWebDriver.java:609)
	at org.openqa.selenium.remote.RemoteWebDriver.getScreenshotAs(RemoteWebDriver.java:295)
	at com.cogmento_cucumber.steps.Hooks.tearDown(Hooks.java:25)
	at sun.reflect.NativeMethodAccessorImpl.invoke0(Native Method)
	at sun.reflect.NativeMethodAccessorImpl.invoke(NativeMethodAccessorImpl.java:62)
	at sun.reflect.DelegatingMethodAccessorImpl.invoke(DelegatingMethodAccessorImpl.java:43)
	at java.lang.reflect.Method.invoke(Method.java:497)
	at cucumber.runtime.Utils$1.call(Utils.java:37)
	at cucumber.runtime.Timeout.timeout(Timeout.java:13)
	at cucumber.runtime.Utils.invoke(Utils.java:31)
	at cucumber.runtime.java.JavaHookDefinition.execute(JavaHookDefinition.java:60)
	at cucumber.runtime.Runtime.runHookIfTagsMatch(Runtime.java:223)
	at cucumber.runtime.Runtime.runHooks(Runtime.java:211)
	at cucumber.runtime.Runtime.runAfterHooks(Runtime.java:205)
	at cucumber.runtime.model.CucumberScenario.run(CucumberScenario.java:46)
	at cucumber.runtime.junit.ExecutionUnitRunner.run(ExecutionUnitRunner.java:91)
	at org.junit.runners.Suite.runChild(Suite.java:128)
	at org.junit.runners.Suite.runChild(Suite.java:27)
	at org.junit.runners.ParentRunner$4.run(ParentRunner.java:331)
	at org.junit.runners.ParentRunner$1.schedule(ParentRunner.java:79)
	at org.junit.runners.ParentRunner.runChildren(ParentRunner.java:329)
	at org.junit.runners.ParentRunner.access$100(ParentRunner.java:66)
	at org.junit.runners.ParentRunner$2.evaluate(ParentRunner.java:293)
	at org.junit.runners.ParentRunner$3.evaluate(ParentRunner.java:306)
	at org.junit.runners.ParentRunner.run(ParentRunner.java:413)
	at cucumber.runtime.junit.ExamplesRunner.run(ExamplesRunner.java:59)
	at org.junit.runners.Suite.runChild(Suite.java:128)
	at org.junit.runners.Suite.runChild(Suite.java:27)
	at org.junit.runners.ParentRunner$4.run(ParentRunner.java:331)
	at org.junit.runners.ParentRunner$1.schedule(ParentRunner.java:79)
	at org.junit.runners.ParentRunner.runChildren(ParentRunner.java:329)
	at org.junit.runners.ParentRunner.access$100(ParentRunner.java:66)
	at org.junit.runners.ParentRunner$2.evaluate(ParentRunner.java:293)
	at org.junit.runners.ParentRunner$3.evaluate(ParentRunner.java:306)
	at org.junit.runners.ParentRunner.run(ParentRunner.java:413)
	at cucumber.runtime.junit.ScenarioOutlineRunner.run(ScenarioOutlineRunner.java:53)
	at cucumber.runtime.junit.FeatureRunner.runChild(FeatureRunner.java:63)
	at cucumber.runtime.junit.FeatureRunner.runChild(FeatureRunner.java:18)
	at org.junit.runners.ParentRunner$4.run(ParentRunner.java:331)
	at org.junit.runners.ParentRunner$1.schedule(ParentRunner.java:79)
	at org.junit.runners.ParentRunner.runChildren(ParentRunner.java:329)
	at org.junit.runners.ParentRunner.access$100(ParentRunner.java:66)
	at org.junit.runners.ParentRunner$2.evaluate(ParentRunner.java:293)
	at org.junit.runners.ParentRunner$3.evaluate(ParentRunner.java:306)
	at org.junit.runners.ParentRunner.run(ParentRunner.java:413)
	at cucumber.runtime.junit.FeatureRunner.run(FeatureRunner.java:70)
	at cucumber.api.junit.Cucumber.runChild(Cucumber.java:93)
	at cucumber.api.junit.Cucumber.runChild(Cucumber.java:37)
	at org.junit.runners.ParentRunner$4.run(ParentRunner.java:331)
	at org.junit.runners.ParentRunner$1.schedule(ParentRunner.java:79)
	at org.junit.runners.ParentRunner.runChildren(ParentRunner.java:329)
	at org.junit.runners.ParentRunner.access$100(ParentRunner.java:66)
	at org.junit.runners.ParentRunner$2.evaluate(ParentRunner.java:293)
	at org.junit.internal.runners.statements.RunBefores.evaluate(RunBefores.java:26)
	at org.junit.runners.ParentRunner$3.evaluate(ParentRunner.java:306)
	at org.junit.runners.ParentRunner.run(ParentRunner.java:413)
	at cucumber.api.junit.Cucumber.run(Cucumber.java:98)
	at org.apache.maven.surefire.junit4.JUnit4Provider.execute(JUnit4Provider.java:252)
	at org.apache.maven.surefire.junit4.JUnit4Provider.executeTestSet(JUnit4Provider.java:141)
	at org.apache.maven.surefire.junit4.JUnit4Provider.invoke(JUnit4Provider.java:112)
	at sun.reflect.NativeMethodAccessorImpl.invoke0(Native Method)
	at sun.reflect.NativeMethodAccessorImpl.invoke(NativeMethodAccessorImpl.java:62)
	at sun.reflect.DelegatingMethodAccessorImpl.invoke(DelegatingMethodAccessorImpl.java:43)
	at java.lang.reflect.Method.invoke(Method.java:497)
	at org.apache.maven.surefire.util.ReflectionUtils.invokeMethodWithArray(ReflectionUtils.java:189)
	at org.apache.maven.surefire.booter.ProviderFactory$ProviderProxy.invoke(ProviderFactory.java:165)
	at org.apache.maven.surefire.booter.ProviderFactory.invokeProvider(ProviderFactory.java:85)
	at org.apache.maven.surefire.booter.ForkedBooter.runSuitesInProcess(ForkedBooter.java:115)
	at org.apache.maven.surefire.booter.ForkedBooter.main(ForkedBooter.java:75)
</error>
    <system-err>[1622271636.605][SEVERE]: Timed out receiving message from renderer: 10.000
[1622271636.607][WARNING]: screenshot failed, retrying
[1622271646.608][SEVERE]: Timed out receiving message from renderer: 9.999
[1622271656.621][SEVERE]: Timed out receiving message from renderer: 10.000
[1622271656.621][WARNING]: screenshot failed, retrying
[1622271666.621][SEVERE]: Timed out receiving message from renderer: 9.999
[1622271676.626][SEVERE]: Timed out receiving message from renderer: 10.000
[1622271676.626][WARNING]: screenshot failed, retrying
[1622271686.627][SEVERE]: Timed out receiving message from renderer: 10.000
</system-err>
  </testcase>
  <testcase classname="| Tesla | Space | Building awesome rockets |" name="Given User is on Login page of website &quot;https://ui.cogmento.com/&quot;" time="0"/>
  <testcase classname="| Tesla | Space | Building awesome rockets |" name="When User enters &quot;er_manpreet68@yahoo.com&quot; and &quot;SatnamKaur@1990&quot;" time="0.001">
    <error message="Expected condition failed: waiting for visibility of Proxy element for: DefaultElementLocator &apos;By.xpath: //input[@name=&apos;email&apos;]&apos; (tried for 60 second(s) with 500 milliseconds interval)" type="org.openqa.selenium.TimeoutException">org.openqa.selenium.TimeoutException: Expected condition failed: waiting for visibility of Proxy element for: DefaultElementLocator &apos;By.xpath: //input[@name=&apos;email&apos;]&apos; (tried for 60 second(s) with 500 milliseconds interval)
	at org.openqa.selenium.support.ui.WebDriverWait.timeoutException(WebDriverWait.java:95)
	at org.openqa.selenium.support.ui.FluentWait.until(FluentWait.java:272)
	at com.cogmento_cucumber.base.BasePage.waitForElementToBeVisible(BasePage.java:31)
	at com.cogmento_cucumber.pages.LoginPage.enterUserNameAndPassword(LoginPage.java:26)
	at com.cogmento_cucumber.steps.CogmentoLoginSteps.user_enters_and(CogmentoLoginSteps.java:25)
	at ✽.When User enters &quot;er_manpreet68@yahoo.com&quot; and &quot;SatnamKaur@1990&quot;(Login_Contacts_Deals_Companies.feature:7)
Caused by: org.openqa.selenium.NoSuchElementException: no such element: Unable to locate element: {&quot;method&quot;:&quot;xpath&quot;,&quot;selector&quot;:&quot;//input[@name=&apos;email&apos;]&quot;}
  (Session info: chrome=90.0.4430.212)
  (Driver info: chromedriver=72.0.3626.69 (3c16f8a135abc0d4da2dff33804db79b849a7c38),platform=Windows NT 10.0.18363 x86_64) (WARNING: The server did not provide any stacktrace information)
Command duration or timeout: 0 milliseconds
For documentation on this error, please visit: https://www.seleniumhq.org/exceptions/no_such_element.html
Build info: version: &apos;3.141.59&apos;, revision: &apos;e82be7d358&apos;, time: &apos;2018-11-14T08:17:03&apos;
System info: host: &apos;MANPREET&apos;, ip: &apos;192.168.1.5&apos;, os.name: &apos;Windows 10&apos;, os.arch: &apos;amd64&apos;, os.version: &apos;10.0&apos;, java.version: &apos;1.8.0_65&apos;
Driver info: org.openqa.selenium.chrome.ChromeDriver
Capabilities {acceptInsecureCerts: false, acceptSslCerts: false, applicationCacheEnabled: false, browserConnectionEnabled: false, browserName: chrome, chrome: {chromedriverVersion: 72.0.3626.69 (3c16f8a135abc..., userDataDir: C:\Users\Manpreet\AppData\L...}, cssSelectorsEnabled: true, databaseEnabled: false, goog:chromeOptions: {debuggerAddress: localhost:61057}, handlesAlerts: true, hasTouchScreen: false, javascriptEnabled: true, locationContextEnabled: true, mobileEmulationEnabled: false, nativeEvents: true, networkConnectionEnabled: false, pageLoadStrategy: normal, platform: XP, platformName: XP, proxy: Proxy(), rotatable: false, setWindowRect: true, takesHeapSnapshot: true, takesScreenshot: true, timeouts: {implicit: 0, pageLoad: 300000, script: 30000}, unexpectedAlertBehaviour: ignore, unhandledPromptBehavior: ignore, version: 90.0.4430.212, webStorageEnabled: true}
Session ID: 5465a2d02aab888b722d5df1ba754aaa
*** Element info: {Using=xpath, value=//input[@name=&apos;email&apos;]}
	at sun.reflect.NativeConstructorAccessorImpl.newInstance0(Native Method)
	at sun.reflect.NativeConstructorAccessorImpl.newInstance(NativeConstructorAccessorImpl.java:62)
	at sun.reflect.DelegatingConstructorAccessorImpl.newInstance(DelegatingConstructorAccessorImpl.java:45)
	at java.lang.reflect.Constructor.newInstance(Constructor.java:422)
	at org.openqa.selenium.remote.ErrorHandler.createThrowable(ErrorHandler.java:214)
	at org.openqa.selenium.remote.ErrorHandler.throwIfResponseFailed(ErrorHandler.java:166)
	at org.openqa.selenium.remote.http.JsonHttpResponseCodec.reconstructValue(JsonHttpResponseCodec.java:40)
	at org.openqa.selenium.remote.http.AbstractHttpResponseCodec.decode(AbstractHttpResponseCodec.java:80)
	at org.openqa.selenium.remote.http.AbstractHttpResponseCodec.decode(AbstractHttpResponseCodec.java:44)
	at org.openqa.selenium.remote.HttpCommandExecutor.execute(HttpCommandExecutor.java:158)
	at org.openqa.selenium.remote.service.DriverCommandExecutor.execute(DriverCommandExecutor.java:83)
	at org.openqa.selenium.remote.RemoteWebDriver.execute(RemoteWebDriver.java:552)
	at org.openqa.selenium.remote.RemoteWebDriver.findElement(RemoteWebDriver.java:323)
	at org.openqa.selenium.remote.RemoteWebDriver.findElementByXPath(RemoteWebDriver.java:428)
	at org.openqa.selenium.By$ByXPath.findElement(By.java:353)
	at org.openqa.selenium.remote.RemoteWebDriver.findElement(RemoteWebDriver.java:315)
	at org.openqa.selenium.support.pagefactory.DefaultElementLocator.findElement(DefaultElementLocator.java:69)
	at org.openqa.selenium.support.pagefactory.internal.LocatingElementHandler.invoke(LocatingElementHandler.java:38)
	at com.sun.proxy.$Proxy19.isDisplayed(Unknown Source)
	at org.openqa.selenium.support.ui.ExpectedConditions.elementIfVisible(ExpectedConditions.java:314)
	at org.openqa.selenium.support.ui.ExpectedConditions.access$000(ExpectedConditions.java:43)
	at org.openqa.selenium.support.ui.ExpectedConditions$10.apply(ExpectedConditions.java:300)
	at org.openqa.selenium.support.ui.ExpectedConditions$10.apply(ExpectedConditions.java:297)
	at org.openqa.selenium.support.ui.FluentWait.until(FluentWait.java:249)
	at com.cogmento_cucumber.base.BasePage.waitForElementToBeVisible(BasePage.java:31)
	at com.cogmento_cucumber.pages.LoginPage.enterUserNameAndPassword(LoginPage.java:26)
	at com.cogmento_cucumber.steps.CogmentoLoginSteps.user_enters_and(CogmentoLoginSteps.java:25)
	at sun.reflect.NativeMethodAccessorImpl.invoke0(Native Method)
	at sun.reflect.NativeMethodAccessorImpl.invoke(NativeMethodAccessorImpl.java:62)
	at sun.reflect.DelegatingMethodAccessorImpl.invoke(DelegatingMethodAccessorImpl.java:43)
	at java.lang.reflect.Method.invoke(Method.java:497)
	at cucumber.runtime.Utils$1.call(Utils.java:37)
	at cucumber.runtime.Timeout.timeout(Timeout.java:13)
	at cucumber.runtime.Utils.invoke(Utils.java:31)
	at cucumber.runtime.java.JavaStepDefinition.execute(JavaStepDefinition.java:38)
	at cucumber.runtime.StepDefinitionMatch.runStep(StepDefinitionMatch.java:37)
	at cucumber.runtime.Runtime.runStep(Runtime.java:299)
	at cucumber.runtime.model.StepContainer.runStep(StepContainer.java:44)
	at cucumber.runtime.model.StepContainer.runSteps(StepContainer.java:39)
	at cucumber.runtime.model.CucumberScenario.runBackground(CucumberScenario.java:59)
	at cucumber.runtime.model.CucumberScenario.run(CucumberScenario.java:42)
	at cucumber.runtime.junit.ExecutionUnitRunner.run(ExecutionUnitRunner.java:91)
	at org.junit.runners.Suite.runChild(Suite.java:128)
	at org.junit.runners.Suite.runChild(Suite.java:27)
	at org.junit.runners.ParentRunner$4.run(ParentRunner.java:331)
	at org.junit.runners.ParentRunner$1.schedule(ParentRunner.java:79)
	at org.junit.runners.ParentRunner.runChildren(ParentRunner.java:329)
	at org.junit.runners.ParentRunner.access$100(ParentRunner.java:66)
	at org.junit.runners.ParentRunner$2.evaluate(ParentRunner.java:293)
	at org.junit.runners.ParentRunner$3.evaluate(ParentRunner.java:306)
	at org.junit.runners.ParentRunner.run(ParentRunner.java:413)
	at cucumber.runtime.junit.ExamplesRunner.run(ExamplesRunner.java:59)
	at org.junit.runners.Suite.runChild(Suite.java:128)
	at org.junit.runners.Suite.runChild(Suite.java:27)
	at org.junit.runners.ParentRunner$4.run(ParentRunner.java:331)
	at org.junit.runners.ParentRunner$1.schedule(ParentRunner.java:79)
	at org.junit.runners.ParentRunner.runChildren(ParentRunner.java:329)
	at org.junit.runners.ParentRunner.access$100(ParentRunner.java:66)
	at org.junit.runners.ParentRunner$2.evaluate(ParentRunner.java:293)
	at org.junit.runners.ParentRunner$3.evaluate(ParentRunner.java:306)
	at org.junit.runners.ParentRunner.run(ParentRunner.java:413)
	at cucumber.runtime.junit.ScenarioOutlineRunner.run(ScenarioOutlineRunner.java:53)
	at cucumber.runtime.junit.FeatureRunner.runChild(FeatureRunner.java:63)
	at cucumber.runtime.junit.FeatureRunner.runChild(FeatureRunner.java:18)
	at org.junit.runners.ParentRunner$4.run(ParentRunner.java:331)
	at org.junit.runners.ParentRunner$1.schedule(ParentRunner.java:79)
	at org.junit.runners.ParentRunner.runChildren(ParentRunner.java:329)
	at org.junit.runners.ParentRunner.access$100(ParentRunner.java:66)
	at org.junit.runners.ParentRunner$2.evaluate(ParentRunner.java:293)
	at org.junit.runners.ParentRunner$3.evaluate(ParentRunner.java:306)
	at org.junit.runners.ParentRunner.run(ParentRunner.java:413)
	at cucumber.runtime.junit.FeatureRunner.run(FeatureRunner.java:70)
	at cucumber.api.junit.Cucumber.runChild(Cucumber.java:93)
	at cucumber.api.junit.Cucumber.runChild(Cucumber.java:37)
	at org.junit.runners.ParentRunner$4.run(ParentRunner.java:331)
	at org.junit.runners.ParentRunner$1.schedule(ParentRunner.java:79)
	at org.junit.runners.ParentRunner.runChildren(ParentRunner.java:329)
	at org.junit.runners.ParentRunner.access$100(ParentRunner.java:66)
	at org.junit.runners.ParentRunner$2.evaluate(ParentRunner.java:293)
	at org.junit.internal.runners.statements.RunBefores.evaluate(RunBefores.java:26)
	at org.junit.runners.ParentRunner$3.evaluate(ParentRunner.java:306)
	at org.junit.runners.ParentRunner.run(ParentRunner.java:413)
	at cucumber.api.junit.Cucumber.run(Cucumber.java:98)
	at org.apache.maven.surefire.junit4.JUnit4Provider.execute(JUnit4Provider.java:252)
	at org.apache.maven.surefire.junit4.JUnit4Provider.executeTestSet(JUnit4Provider.java:141)
	at org.apache.maven.surefire.junit4.JUnit4Provider.invoke(JUnit4Provider.java:112)
	at sun.reflect.NativeMethodAccessorImpl.invoke0(Native Method)
	at sun.reflect.NativeMethodAccessorImpl.invoke(NativeMethodAccessorImpl.java:62)
	at sun.reflect.DelegatingMethodAccessorImpl.invoke(DelegatingMethodAccessorImpl.java:43)
	at java.lang.reflect.Method.invoke(Method.java:497)
	at org.apache.maven.surefire.util.ReflectionUtils.invokeMethodWithArray(ReflectionUtils.java:189)
	at org.apache.maven.surefire.booter.ProviderFactory$ProviderProxy.invoke(ProviderFactory.java:165)
	at org.apache.maven.surefire.booter.ProviderFactory.invokeProvider(ProviderFactory.java:85)
	at org.apache.maven.surefire.booter.ForkedBooter.runSuitesInProcess(ForkedBooter.java:115)
	at org.apache.maven.surefire.booter.ForkedBooter.main(ForkedBooter.java:75)
</error>
  </testcase>
  <testcase classname="| Tesla | Space | Building awesome rockets |" name="| Tesla | Space | Building awesome rockets |" time="0.002">
    <error message="Expected condition failed: waiting for visibility of Proxy element for: DefaultElementLocator &apos;By.xpath: //input[@name=&apos;email&apos;]&apos; (tried for 60 second(s) with 500 milliseconds interval)" type="org.openqa.selenium.TimeoutException">org.openqa.selenium.TimeoutException: Expected condition failed: waiting for visibility of Proxy element for: DefaultElementLocator &apos;By.xpath: //input[@name=&apos;email&apos;]&apos; (tried for 60 second(s) with 500 milliseconds interval)
	at org.openqa.selenium.support.ui.WebDriverWait.timeoutException(WebDriverWait.java:95)
	at org.openqa.selenium.support.ui.FluentWait.until(FluentWait.java:272)
	at com.cogmento_cucumber.base.BasePage.waitForElementToBeVisible(BasePage.java:31)
	at com.cogmento_cucumber.pages.LoginPage.enterUserNameAndPassword(LoginPage.java:26)
	at com.cogmento_cucumber.steps.CogmentoLoginSteps.user_enters_and(CogmentoLoginSteps.java:25)
	at ✽.When User enters &quot;er_manpreet68@yahoo.com&quot; and &quot;SatnamKaur@1990&quot;(Login_Contacts_Deals_Companies.feature:7)
Caused by: org.openqa.selenium.NoSuchElementException: no such element: Unable to locate element: {&quot;method&quot;:&quot;xpath&quot;,&quot;selector&quot;:&quot;//input[@name=&apos;email&apos;]&quot;}
  (Session info: chrome=90.0.4430.212)
  (Driver info: chromedriver=72.0.3626.69 (3c16f8a135abc0d4da2dff33804db79b849a7c38),platform=Windows NT 10.0.18363 x86_64) (WARNING: The server did not provide any stacktrace information)
Command duration or timeout: 0 milliseconds
For documentation on this error, please visit: https://www.seleniumhq.org/exceptions/no_such_element.html
Build info: version: &apos;3.141.59&apos;, revision: &apos;e82be7d358&apos;, time: &apos;2018-11-14T08:17:03&apos;
System info: host: &apos;MANPREET&apos;, ip: &apos;192.168.1.5&apos;, os.name: &apos;Windows 10&apos;, os.arch: &apos;amd64&apos;, os.version: &apos;10.0&apos;, java.version: &apos;1.8.0_65&apos;
Driver info: org.openqa.selenium.chrome.ChromeDriver
Capabilities {acceptInsecureCerts: false, acceptSslCerts: false, applicationCacheEnabled: false, browserConnectionEnabled: false, browserName: chrome, chrome: {chromedriverVersion: 72.0.3626.69 (3c16f8a135abc..., userDataDir: C:\Users\Manpreet\AppData\L...}, cssSelectorsEnabled: true, databaseEnabled: false, goog:chromeOptions: {debuggerAddress: localhost:61057}, handlesAlerts: true, hasTouchScreen: false, javascriptEnabled: true, locationContextEnabled: true, mobileEmulationEnabled: false, nativeEvents: true, networkConnectionEnabled: false, pageLoadStrategy: normal, platform: XP, platformName: XP, proxy: Proxy(), rotatable: false, setWindowRect: true, takesHeapSnapshot: true, takesScreenshot: true, timeouts: {implicit: 0, pageLoad: 300000, script: 30000}, unexpectedAlertBehaviour: ignore, unhandledPromptBehavior: ignore, version: 90.0.4430.212, webStorageEnabled: true}
Session ID: 5465a2d02aab888b722d5df1ba754aaa
*** Element info: {Using=xpath, value=//input[@name=&apos;email&apos;]}
	at sun.reflect.NativeConstructorAccessorImpl.newInstance0(Native Method)
	at sun.reflect.NativeConstructorAccessorImpl.newInstance(NativeConstructorAccessorImpl.java:62)
	at sun.reflect.DelegatingConstructorAccessorImpl.newInstance(DelegatingConstructorAccessorImpl.java:45)
	at java.lang.reflect.Constructor.newInstance(Constructor.java:422)
	at org.openqa.selenium.remote.ErrorHandler.createThrowable(ErrorHandler.java:214)
	at org.openqa.selenium.remote.ErrorHandler.throwIfResponseFailed(ErrorHandler.java:166)
	at org.openqa.selenium.remote.http.JsonHttpResponseCodec.reconstructValue(JsonHttpResponseCodec.java:40)
	at org.openqa.selenium.remote.http.AbstractHttpResponseCodec.decode(AbstractHttpResponseCodec.java:80)
	at org.openqa.selenium.remote.http.AbstractHttpResponseCodec.decode(AbstractHttpResponseCodec.java:44)
	at org.openqa.selenium.remote.HttpCommandExecutor.execute(HttpCommandExecutor.java:158)
	at org.openqa.selenium.remote.service.DriverCommandExecutor.execute(DriverCommandExecutor.java:83)
	at org.openqa.selenium.remote.RemoteWebDriver.execute(RemoteWebDriver.java:552)
	at org.openqa.selenium.remote.RemoteWebDriver.findElement(RemoteWebDriver.java:323)
	at org.openqa.selenium.remote.RemoteWebDriver.findElementByXPath(RemoteWebDriver.java:428)
	at org.openqa.selenium.By$ByXPath.findElement(By.java:353)
	at org.openqa.selenium.remote.RemoteWebDriver.findElement(RemoteWebDriver.java:315)
	at org.openqa.selenium.support.pagefactory.DefaultElementLocator.findElement(DefaultElementLocator.java:69)
	at org.openqa.selenium.support.pagefactory.internal.LocatingElementHandler.invoke(LocatingElementHandler.java:38)
	at com.sun.proxy.$Proxy19.isDisplayed(Unknown Source)
	at org.openqa.selenium.support.ui.ExpectedConditions.elementIfVisible(ExpectedConditions.java:314)
	at org.openqa.selenium.support.ui.ExpectedConditions.access$000(ExpectedConditions.java:43)
	at org.openqa.selenium.support.ui.ExpectedConditions$10.apply(ExpectedConditions.java:300)
	at org.openqa.selenium.support.ui.ExpectedConditions$10.apply(ExpectedConditions.java:297)
	at org.openqa.selenium.support.ui.FluentWait.until(FluentWait.java:249)
	at com.cogmento_cucumber.base.BasePage.waitForElementToBeVisible(BasePage.java:31)
	at com.cogmento_cucumber.pages.LoginPage.enterUserNameAndPassword(LoginPage.java:26)
	at com.cogmento_cucumber.steps.CogmentoLoginSteps.user_enters_and(CogmentoLoginSteps.java:25)
	at sun.reflect.NativeMethodAccessorImpl.invoke0(Native Method)
	at sun.reflect.NativeMethodAccessorImpl.invoke(NativeMethodAccessorImpl.java:62)
	at sun.reflect.DelegatingMethodAccessorImpl.invoke(DelegatingMethodAccessorImpl.java:43)
	at java.lang.reflect.Method.invoke(Method.java:497)
	at cucumber.runtime.Utils$1.call(Utils.java:37)
	at cucumber.runtime.Timeout.timeout(Timeout.java:13)
	at cucumber.runtime.Utils.invoke(Utils.java:31)
	at cucumber.runtime.java.JavaStepDefinition.execute(JavaStepDefinition.java:38)
	at cucumber.runtime.StepDefinitionMatch.runStep(StepDefinitionMatch.java:37)
	at cucumber.runtime.Runtime.runStep(Runtime.java:299)
	at cucumber.runtime.model.StepContainer.runStep(StepContainer.java:44)
	at cucumber.runtime.model.StepContainer.runSteps(StepContainer.java:39)
	at cucumber.runtime.model.CucumberScenario.runBackground(CucumberScenario.java:59)
	at cucumber.runtime.model.CucumberScenario.run(CucumberScenario.java:42)
	at cucumber.runtime.junit.ExecutionUnitRunner.run(ExecutionUnitRunner.java:91)
	at org.junit.runners.Suite.runChild(Suite.java:128)
	at org.junit.runners.Suite.runChild(Suite.java:27)
	at org.junit.runners.ParentRunner$4.run(ParentRunner.java:331)
	at org.junit.runners.ParentRunner$1.schedule(ParentRunner.java:79)
	at org.junit.runners.ParentRunner.runChildren(ParentRunner.java:329)
	at org.junit.runners.ParentRunner.access$100(ParentRunner.java:66)
	at org.junit.runners.ParentRunner$2.evaluate(ParentRunner.java:293)
	at org.junit.runners.ParentRunner$3.evaluate(ParentRunner.java:306)
	at org.junit.runners.ParentRunner.run(ParentRunner.java:413)
	at cucumber.runtime.junit.ExamplesRunner.run(ExamplesRunner.java:59)
	at org.junit.runners.Suite.runChild(Suite.java:128)
	at org.junit.runners.Suite.runChild(Suite.java:27)
	at org.junit.runners.ParentRunner$4.run(ParentRunner.java:331)
	at org.junit.runners.ParentRunner$1.schedule(ParentRunner.java:79)
	at org.junit.runners.ParentRunner.runChildren(ParentRunner.java:329)
	at org.junit.runners.ParentRunner.access$100(ParentRunner.java:66)
	at org.junit.runners.ParentRunner$2.evaluate(ParentRunner.java:293)
	at org.junit.runners.ParentRunner$3.evaluate(ParentRunner.java:306)
	at org.junit.runners.ParentRunner.run(ParentRunner.java:413)
	at cucumber.runtime.junit.ScenarioOutlineRunner.run(ScenarioOutlineRunner.java:53)
	at cucumber.runtime.junit.FeatureRunner.runChild(FeatureRunner.java:63)
	at cucumber.runtime.junit.FeatureRunner.runChild(FeatureRunner.java:18)
	at org.junit.runners.ParentRunner$4.run(ParentRunner.java:331)
	at org.junit.runners.ParentRunner$1.schedule(ParentRunner.java:79)
	at org.junit.runners.ParentRunner.runChildren(ParentRunner.java:329)
	at org.junit.runners.ParentRunner.access$100(ParentRunner.java:66)
	at org.junit.runners.ParentRunner$2.evaluate(ParentRunner.java:293)
	at org.junit.runners.ParentRunner$3.evaluate(ParentRunner.java:306)
	at org.junit.runners.ParentRunner.run(ParentRunner.java:413)
	at cucumber.runtime.junit.FeatureRunner.run(FeatureRunner.java:70)
	at cucumber.api.junit.Cucumber.runChild(Cucumber.java:93)
	at cucumber.api.junit.Cucumber.runChild(Cucumber.java:37)
	at org.junit.runners.ParentRunner$4.run(ParentRunner.java:331)
	at org.junit.runners.ParentRunner$1.schedule(ParentRunner.java:79)
	at org.junit.runners.ParentRunner.runChildren(ParentRunner.java:329)
	at org.junit.runners.ParentRunner.access$100(ParentRunner.java:66)
	at org.junit.runners.ParentRunner$2.evaluate(ParentRunner.java:293)
	at org.junit.internal.runners.statements.RunBefores.evaluate(RunBefores.java:26)
	at org.junit.runners.ParentRunner$3.evaluate(ParentRunner.java:306)
	at org.junit.runners.ParentRunner.run(ParentRunner.java:413)
	at cucumber.api.junit.Cucumber.run(Cucumber.java:98)
	at org.apache.maven.surefire.junit4.JUnit4Provider.execute(JUnit4Provider.java:252)
	at org.apache.maven.surefire.junit4.JUnit4Provider.executeTestSet(JUnit4Provider.java:141)
	at org.apache.maven.surefire.junit4.JUnit4Provider.invoke(JUnit4Provider.java:112)
	at sun.reflect.NativeMethodAccessorImpl.invoke0(Native Method)
	at sun.reflect.NativeMethodAccessorImpl.invoke(NativeMethodAccessorImpl.java:62)
	at sun.reflect.DelegatingMethodAccessorImpl.invoke(DelegatingMethodAccessorImpl.java:43)
	at java.lang.reflect.Method.invoke(Method.java:497)
	at org.apache.maven.surefire.util.ReflectionUtils.invokeMethodWithArray(ReflectionUtils.java:189)
	at org.apache.maven.surefire.booter.ProviderFactory$ProviderProxy.invoke(ProviderFactory.java:165)
	at org.apache.maven.surefire.booter.ProviderFactory.invokeProvider(ProviderFactory.java:85)
	at org.apache.maven.surefire.booter.ForkedBooter.runSuitesInProcess(ForkedBooter.java:115)
	at org.apache.maven.surefire.booter.ForkedBooter.main(ForkedBooter.java:75)
</error>
  </testcase>
  <testcase classname="| Tesla | Space | Building awesome rockets |" name="And User clicks on login button" time="0.008">
    <skipped/>
  </testcase>
  <testcase classname="| Tesla | Space | Building awesome rockets |" name="Then User should be navigated to Home page" time="0.009">
    <skipped/>
  </testcase>
  <testcase classname="| Tesla | Space | Building awesome rockets |" name="Given User is already on Home Page" time="0.012">
    <skipped/>
    <system-out>
  Background: User is already on login page of application            # Login_Contacts_Deals_Companies.feature:5
    Given User is on Login page of website &quot;https://ui.cogmento.com/&quot; # CogmentoLoginSteps.user_is_on_Login_page_of_website(String)
    When User enters &quot;er_manpreet68@yahoo.com&quot; and &quot;SatnamKaur@1990&quot;  # CogmentoLoginSteps.user_enters_and(String,String)
      org.openqa.selenium.TimeoutException: Expected condition failed: waiting for visibility of Proxy element for: DefaultElementLocator &apos;By.xpath: //input[@name=&apos;email&apos;]&apos; (tried for 60 second(s) with 500 milliseconds interval)
      	at org.openqa.selenium.support.ui.WebDriverWait.timeoutException(WebDriverWait.java:95)
      	at org.openqa.selenium.support.ui.FluentWait.until(FluentWait.java:272)
      	at com.cogmento_cucumber.base.BasePage.waitForElementToBeVisible(BasePage.java:31)
      	at com.cogmento_cucumber.pages.LoginPage.enterUserNameAndPassword(LoginPage.java:26)
      	at com.cogmento_cucumber.steps.CogmentoLoginSteps.user_enters_and(CogmentoLoginSteps.java:25)
      	at ?.When User enters &quot;er_manpreet68@yahoo.com&quot; and &quot;SatnamKaur@1990&quot;(Login_Contacts_Deals_Companies.feature:7)
      Caused by: org.openqa.selenium.NoSuchElementException: no such element: Unable to locate element: {&quot;method&quot;:&quot;xpath&quot;,&quot;selector&quot;:&quot;//input[@name=&apos;email&apos;]&quot;}
        (Session info: chrome=90.0.4430.212)
        (Driver info: chromedriver=72.0.3626.69 (3c16f8a135abc0d4da2dff33804db79b849a7c38),platform=Windows NT 10.0.18363 x86_64) (WARNING: The server did not provide any stacktrace information)
      Command duration or timeout: 0 milliseconds
      For documentation on this error, please visit: https://www.seleniumhq.org/exceptions/no_such_element.html
      Build info: version: &apos;3.141.59&apos;, revision: &apos;e82be7d358&apos;, time: &apos;2018-11-14T08:17:03&apos;
      System info: host: &apos;MANPREET&apos;, ip: &apos;192.168.1.5&apos;, os.name: &apos;Windows 10&apos;, os.arch: &apos;amd64&apos;, os.version: &apos;10.0&apos;, java.version: &apos;1.8.0_65&apos;
      Driver info: org.openqa.selenium.chrome.ChromeDriver
      Capabilities {acceptInsecureCerts: false, acceptSslCerts: false, applicationCacheEnabled: false, browserConnectionEnabled: false, browserName: chrome, chrome: {chromedriverVersion: 72.0.3626.69 (3c16f8a135abc..., userDataDir: C:\Users\Manpreet\AppData\L...}, cssSelectorsEnabled: true, databaseEnabled: false, goog:chromeOptions: {debuggerAddress: localhost:61057}, handlesAlerts: true, hasTouchScreen: false, javascriptEnabled: true, locationContextEnabled: true, mobileEmulationEnabled: false, nativeEvents: true, networkConnectionEnabled: false, pageLoadStrategy: normal, platform: XP, platformName: XP, proxy: Proxy(), rotatable: false, setWindowRect: true, takesHeapSnapshot: true, takesScreenshot: true, timeouts: {implicit: 0, pageLoad: 300000, script: 30000}, unexpectedAlertBehaviour: ignore, unhandledPromptBehavior: ignore, version: 90.0.4430.212, webStorageEnabled: true}
      Session ID: 5465a2d02aab888b722d5df1ba754aaa
      *** Element info: {Using=xpath, value=//input[@name=&apos;email&apos;]}
      	at sun.reflect.NativeConstructorAccessorImpl.newInstance0(Native Method)
      	at sun.reflect.NativeConstructorAccessorImpl.newInstance(NativeConstructorAccessorImpl.java:62)
      	at sun.reflect.DelegatingConstructorAccessorImpl.newInstance(DelegatingConstructorAccessorImpl.java:45)
      	at java.lang.reflect.Constructor.newInstance(Constructor.java:422)
      	at org.openqa.selenium.remote.ErrorHandler.createThrowable(ErrorHandler.java:214)
      	at org.openqa.selenium.remote.ErrorHandler.throwIfResponseFailed(ErrorHandler.java:166)
      	at org.openqa.selenium.remote.http.JsonHttpResponseCodec.reconstructValue(JsonHttpResponseCodec.java:40)
      	at org.openqa.selenium.remote.http.AbstractHttpResponseCodec.decode(AbstractHttpResponseCodec.java:80)
      	at org.openqa.selenium.remote.http.AbstractHttpResponseCodec.decode(AbstractHttpResponseCodec.java:44)
      	at org.openqa.selenium.remote.HttpCommandExecutor.execute(HttpCommandExecutor.java:158)
      	at org.openqa.selenium.remote.service.DriverCommandExecutor.execute(DriverCommandExecutor.java:83)
      	at org.openqa.selenium.remote.RemoteWebDriver.execute(RemoteWebDriver.java:552)
      	at org.openqa.selenium.remote.RemoteWebDriver.findElement(RemoteWebDriver.java:323)
      	at org.openqa.selenium.remote.RemoteWebDriver.findElementByXPath(RemoteWebDriver.java:428)
      	at org.openqa.selenium.By$ByXPath.findElement(By.java:353)
      	at org.openqa.selenium.remote.RemoteWebDriver.findElement(RemoteWebDriver.java:315)
      	at org.openqa.selenium.support.pagefactory.DefaultElementLocator.findElement(DefaultElementLocator.java:69)
      	at org.openqa.selenium.support.pagefactory.internal.LocatingElementHandler.invoke(LocatingElementHandler.java:38)
      	at com.sun.proxy.$Proxy19.isDisplayed(Unknown Source)
      	at org.openqa.selenium.support.ui.ExpectedConditions.elementIfVisible(ExpectedConditions.java:314)
      	at org.openqa.selenium.support.ui.ExpectedConditions.access$000(ExpectedConditions.java:43)
      	at org.openqa.selenium.support.ui.ExpectedConditions$10.apply(ExpectedConditions.java:300)
      	at org.openqa.selenium.support.ui.ExpectedConditions$10.apply(ExpectedConditions.java:297)
      	at org.openqa.selenium.support.ui.FluentWait.until(FluentWait.java:249)
      	at com.cogmento_cucumber.base.BasePage.waitForElementToBeVisible(BasePage.java:31)
      	at com.cogmento_cucumber.pages.LoginPage.enterUserNameAndPassword(LoginPage.java:26)
      	at com.cogmento_cucumber.steps.CogmentoLoginSteps.user_enters_and(CogmentoLoginSteps.java:25)
      	at sun.reflect.NativeMethodAccessorImpl.invoke0(Native Method)
      	at sun.reflect.NativeMethodAccessorImpl.invoke(NativeMethodAccessorImpl.java:62)
      	at sun.reflect.DelegatingMethodAccessorImpl.invoke(DelegatingMethodAccessorImpl.java:43)
      	at java.lang.reflect.Method.invoke(Method.java:497)
      	at cucumber.runtime.Utils$1.call(Utils.java:37)
      	at cucumber.runtime.Timeout.timeout(Timeout.java:13)
      	at cucumber.runtime.Utils.invoke(Utils.java:31)
      	at cucumber.runtime.java.JavaStepDefinition.execute(JavaStepDefinition.java:38)
      	at cucumber.runtime.StepDefinitionMatch.runStep(StepDefinitionMatch.java:37)
      	at cucumber.runtime.Runtime.runStep(Runtime.java:299)
      	at cucumber.runtime.model.StepContainer.runStep(StepContainer.java:44)
      	at cucumber.runtime.model.StepContainer.runSteps(StepContainer.java:39)
      	at cucumber.runtime.model.CucumberScenario.runBackground(CucumberScenario.java:59)
      	at cucumber.runtime.model.CucumberScenario.run(CucumberScenario.java:42)
      	at cucumber.runtime.junit.ExecutionUnitRunner.run(ExecutionUnitRunner.java:91)
      	at org.junit.runners.Suite.runChild(Suite.java:128)
      	at org.junit.runners.Suite.runChild(Suite.java:27)
      	at org.junit.runners.ParentRunner$4.run(ParentRunner.java:331)
      	at org.junit.runners.ParentRunner$1.schedule(ParentRunner.java:79)
      	at org.junit.runners.ParentRunner.runChildren(ParentRunner.java:329)
      	at org.junit.runners.ParentRunner.access$100(ParentRunner.java:66)
      	at org.junit.runners.ParentRunner$2.evaluate(ParentRunner.java:293)
      	at org.junit.runners.ParentRunner$3.evaluate(ParentRunner.java:306)
      	at org.junit.runners.ParentRunner.run(ParentRunner.java:413)
      	at cucumber.runtime.junit.ExamplesRunner.run(ExamplesRunner.java:59)
      	at org.junit.runners.Suite.runChild(Suite.java:128)
      	at org.junit.runners.Suite.runChild(Suite.java:27)
      	at org.junit.runners.ParentRunner$4.run(ParentRunner.java:331)
      	at org.junit.runners.ParentRunner$1.schedule(ParentRunner.java:79)
      	at org.junit.runners.ParentRunner.runChildren(ParentRunner.java:329)
      	at org.junit.runners.ParentRunner.access$100(ParentRunner.java:66)
      	at org.junit.runners.ParentRunner$2.evaluate(ParentRunner.java:293)
      	at org.junit.runners.ParentRunner$3.evaluate(ParentRunner.java:306)
      	at org.junit.runners.ParentRunner.run(ParentRunner.java:413)
      	at cucumber.runtime.junit.ScenarioOutlineRunner.run(ScenarioOutlineRunner.java:53)
      	at cucumber.runtime.junit.FeatureRunner.runChild(FeatureRunner.java:63)
      	at cucumber.runtime.junit.FeatureRunner.runChild(FeatureRunner.java:18)
      	at org.junit.runners.ParentRunner$4.run(ParentRunner.java:331)
      	at org.junit.runners.ParentRunner$1.schedule(ParentRunner.java:79)
      	at org.junit.runners.ParentRunner.runChildren(ParentRunner.java:329)
      	at org.junit.runners.ParentRunner.access$100(ParentRunner.java:66)
      	at org.junit.runners.ParentRunner$2.evaluate(ParentRunner.java:293)
      	at org.junit.runners.ParentRunner$3.evaluate(ParentRunner.java:306)
      	at org.junit.runners.ParentRunner.run(ParentRunner.java:413)
      	at cucumber.runtime.junit.FeatureRunner.run(FeatureRunner.java:70)
      	at cucumber.api.junit.Cucumber.runChild(Cucumber.java:93)
      	at cucumber.api.junit.Cucumber.runChild(Cucumber.java:37)
      	at org.junit.runners.ParentRunner$4.run(ParentRunner.java:331)
      	at org.junit.runners.ParentRunner$1.schedule(ParentRunner.java:79)
      	at org.junit.runners.ParentRunner.runChildren(ParentRunner.java:329)
      	at org.junit.runners.ParentRunner.access$100(ParentRunner.java:66)
      	at org.junit.runners.ParentRunner$2.evaluate(ParentRunner.java:293)
      	at org.junit.internal.runners.statements.RunBefores.evaluate(RunBefores.java:26)
      	at org.junit.runners.ParentRunner$3.evaluate(ParentRunner.java:306)
      	at org.junit.runners.ParentRunner.run(ParentRunner.java:413)
      	at cucumber.api.junit.Cucumber.run(Cucumber.java:98)
      	at org.apache.maven.surefire.junit4.JUnit4Provider.execute(JUnit4Provider.java:252)
      	at org.apache.maven.surefire.junit4.JUnit4Provider.executeTestSet(JUnit4Provider.java:141)
      	at org.apache.maven.surefire.junit4.JUnit4Provider.invoke(JUnit4Provider.java:112)
      	at sun.reflect.NativeMethodAccessorImpl.invoke0(Native Method)
      	at sun.reflect.NativeMethodAccessorImpl.invoke(NativeMethodAccessorImpl.java:62)
      	at sun.reflect.DelegatingMethodAccessorImpl.invoke(DelegatingMethodAccessorImpl.java:43)
      	at java.lang.reflect.Method.invoke(Method.java:497)
      	at org.apache.maven.surefire.util.ReflectionUtils.invokeMethodWithArray(ReflectionUtils.java:189)
      	at org.apache.maven.surefire.booter.ProviderFactory$ProviderProxy.invoke(ProviderFactory.java:165)
      	at org.apache.maven.surefire.booter.ProviderFactory.invokeProvider(ProviderFactory.java:85)
      	at org.apache.maven.surefire.booter.ForkedBooter.runSuitesInProcess(ForkedBooter.java:115)
      	at org.apache.maven.surefire.booter.ForkedBooter.main(ForkedBooter.java:75)

    And User clicks on login button                                   # CogmentoLoginSteps.user_clicks_on_login_button()
    Then User should be navigated to Home page                        # CogmentoLoginSteps.user_should_be_navigated_to_Home_page()
</system-out>
  </testcase>
  <testcase classname="| Tesla | Space | Building awesome rockets |" name="When User clicks on Companies from Side Menu" time="0.012">
    <skipped/>
  </testcase>
  <testcase classname="| Tesla | Space | Building awesome rockets |" name="And User click on Create Company button" time="0.013">
    <skipped/>
  </testcase>
  <testcase classname="| Tesla | Space | Building awesome rockets |" name="And User enters company details &quot;Tesla&quot;, &quot;Space&quot; and &quot;Building awesome rockets&quot;" time="0.014">
    <skipped/>
  </testcase>
  <testcase classname="| Tesla | Space | Building awesome rockets |" name="And User click on Save Company Button" time="0.014">
    <skipped/>
  </testcase>
  <testcase classname="| Tesla | Space | Building awesome rockets |" name="Then New Company should be added" time="0.015">
    <skipped/>
  </testcase>
  <testcase classname="| Food manufacturing | Nestle | Making Maggi for gegenrations |" name="Given User is on Login page of website &quot;https://ui.cogmento.com/&quot;" time="0"/>
  <testcase classname="| Food manufacturing | Nestle | Making Maggi for gegenrations |" name="When User enters &quot;er_manpreet68@yahoo.com&quot; and &quot;SatnamKaur@1990&quot;" time="0"/>
  <testcase classname="| Food manufacturing | Nestle | Making Maggi for gegenrations |" name="And User clicks on login button" time="0"/>
  <testcase classname="| Food manufacturing | Nestle | Making Maggi for gegenrations |" name="Then User should be navigated to Home page" time="0"/>
  <testcase classname="| Food manufacturing | Nestle | Making Maggi for gegenrations |" name="Given User is already on Home Page" time="0"/>
  <testcase classname="| Food manufacturing | Nestle | Making Maggi for gegenrations |" name="When User clicks on Companies from Side Menu" time="0"/>
  <testcase classname="| Food manufacturing | Nestle | Making Maggi for gegenrations |" name="And User click on Create Company button" time="0"/>
  <testcase classname="| Food manufacturing | Nestle | Making Maggi for gegenrations |" name="And User enters company details &quot;Food manufacturing&quot;, &quot;Nestle&quot; and &quot;Making Maggi for gegenrations&quot;" time="0"/>
  <testcase classname="| Food manufacturing | Nestle | Making Maggi for gegenrations |" name="And User click on Save Company Button" time="0"/>
  <testcase classname="| Food manufacturing | Nestle | Making Maggi for gegenrations |" name="Then New Company should be added" time="0"/>
  <testcase classname="| Food manufacturing | Nestle | Making Maggi for gegenrations |" name="| Food manufacturing | Nestle | Making Maggi for gegenrations |" time="0.955"/>
</testsuite>