<?xml version="1.0" encoding="UTF-8" ?>
<testsuite tests="105" failures="0" name="com.cogmento_cucumber.runner.RunCukeTest" time="21.966" errors="0" skipped="0">
  <properties>
[...]
</properties>
  <testcase classname="| Cogmento CRM |" name="Given User is on Login page of website &quot;https://ui.cogmento.com/&quot;" time="0.029"/>
  <testcase classname="| Cogmento CRM |" name="When User enters &quot;er_manpreet68@yahoo.com&quot; and &quot;SatnamKaur@1990&quot;" time="0"/>
  <testcase classname="| Cogmento CRM |" name="And User clicks on login button" time="0"/>
  <testcase classname="| Cogmento CRM |" name="Then User should be navigated to Home page" time="0"/>
  <testcase classname="| Cogmento CRM |" name="Then Page title is &quot;Cogmento CRM&quot;" time="0"/>
  <testcase classname="| Cogmento CRM |" name="| Cogmento CRM |" time="2.417"/>
  <testcase classname="| Bob | Marley | Google |" name="Given User is on Login page of website &quot;https://ui.cogmento.com/&quot;" time="0"/>
  <testcase classname="| Bob | Marley | Google |" name="When User enters &quot;er_manpreet68@yahoo.com&quot; and &quot;SatnamKaur@1990&quot;" time="0"/>
  <testcase classname="| Bob | Marley | Google |" name="And User clicks on login button" time="0"/>
  <testcase classname="| Bob | Marley | Google |" name="Then User should be navigated to Home page" time="0"/>
  <testcase classname="| Bob | Marley | Google |" name="Given User is already on Home Page" time="0"/>
  <testcase classname="| Bob | Marley | Google |" name="When User clicks on Contact from Side Menu" time="0"/>
  <testcase classname="| Bob | Marley | Google |" name="And User click on Create Contact button" time="0"/>
  <testcase classname="| Bob | Marley | Google |" name="And User enters contact details &quot;Bob&quot;, &quot;Marley&quot; and &quot;Google&quot;" time="0"/>
  <testcase classname="| Bob | Marley | Google |" name="And User click on Save Contact Button" time="0"/>
  <testcase classname="| Bob | Marley | Google |" name="Then New contact should be added" time="0"/>
  <testcase classname="| Bob | Marley | Google |" name="| Bob | Marley | Google |" time="1.154"/>
  <testcase classname="| Mark | Twain | FIS |" name="Given User is on Login page of website &quot;https://ui.cogmento.com/&quot;" time="0"/>
  <testcase classname="| Mark | Twain | FIS |" name="When User enters &quot;er_manpreet68@yahoo.com&quot; and &quot;SatnamKaur@1990&quot;" time="0"/>
  <testcase classname="| Mark | Twain | FIS |" name="And User clicks on login button" time="0"/>
  <testcase classname="| Mark | Twain | FIS |" name="Then User should be navigated to Home page" time="0"/>
  <testcase classname="| Mark | Twain | FIS |" name="Given User is already on Home Page" time="0"/>
  <testcase classname="| Mark | Twain | FIS |" name="When User clicks on Contact from Side Menu" time="0"/>
  <testcase classname="| Mark | Twain | FIS |" name="And User click on Create Contact button" time="0"/>
  <testcase classname="| Mark | Twain | FIS |" name="And User enters contact details &quot;Mark&quot;, &quot;Twain&quot; and &quot;FIS&quot;" time="0"/>
  <testcase classname="| Mark | Twain | FIS |" name="And User click on Save Contact Button" time="0"/>
  <testcase classname="| Mark | Twain | FIS |" name="Then New contact should be added" time="0"/>
  <testcase classname="| Mark | Twain | FIS |" name="| Mark | Twain | FIS |" time="9.826"/>
  <testcase classname="| Harley | Quinn | Microsoft |" name="Given User is on Login page of website &quot;https://ui.cogmento.com/&quot;" time="0"/>
  <testcase classname="| Harley | Quinn | Microsoft |" name="When User enters &quot;er_manpreet68@yahoo.com&quot; and &quot;SatnamKaur@1990&quot;" time="0"/>
  <testcase classname="| Harley | Quinn | Microsoft |" name="And User clicks on login button" time="0.001"/>
  <testcase classname="| Harley | Quinn | Microsoft |" name="Then User should be navigated to Home page" time="0"/>
  <testcase classname="| Harley | Quinn | Microsoft |" name="Given User is already on Home Page" time="0"/>
  <testcase classname="| Harley | Quinn | Microsoft |" name="When User clicks on Contact from Side Menu" time="0"/>
  <testcase classname="| Harley | Quinn | Microsoft |" name="And User click on Create Contact button" time="0"/>
  <testcase classname="| Harley | Quinn | Microsoft |" name="And User enters contact details &quot;Harley&quot;, &quot;Quinn&quot; and &quot;Microsoft&quot;" time="0"/>
  <testcase classname="| Harley | Quinn | Microsoft |" name="And User click on Save Contact Button" time="0"/>
  <testcase classname="| Harley | Quinn | Microsoft |" name="Then New contact should be added" time="0"/>
  <testcase classname="| Harley | Quinn | Microsoft |" name="| Harley | Quinn | Microsoft |" time="1.087"/>
  <testcase classname="| Space | SpaceX | Building awesome rockets |" name="Given User is on Login page of website &quot;https://ui.cogmento.com/&quot;" time="0"/>
  <testcase classname="| Space | SpaceX | Building awesome rockets |" name="When User enters &quot;er_manpreet68@yahoo.com&quot; and &quot;SatnamKaur@1990&quot;" time="0"/>
  <testcase classname="| Space | SpaceX | Building awesome rockets |" name="And User clicks on login button" time="0"/>
  <testcase classname="| Space | SpaceX | Building awesome rockets |" name="Then User should be navigated to Home page" time="0"/>
  <testcase classname="| Space | SpaceX | Building awesome rockets |" name="Given User is already on Home Page" time="0"/>
  <testcase classname="| Space | SpaceX | Building awesome rockets |" name="When User clicks on Deals from Side Menu" time="0"/>
  <testcase classname="| Space | SpaceX | Building awesome rockets |" name="And User click on Create Deal button" time="0"/>
  <testcase classname="| Space | SpaceX | Building awesome rockets |" name="And User enters deal details &quot;Space&quot;, &quot;SpaceX&quot; and &quot;Building awesome rockets&quot;" time="0"/>
  <testcase classname="| Space | SpaceX | Building awesome rockets |" name="And User click on Save Deal Button" time="0"/>
  <testcase classname="| Space | SpaceX | Building awesome rockets |" name="Then New deal should be added" time="0"/>
  <testcase classname="| Space | SpaceX | Building awesome rockets |" name="| Space | SpaceX | Building awesome rockets |" time="1.133"/>
  <testcase classname="| Automobile | Tesla | Battery powered cars |" name="Given User is on Login page of website &quot;https://ui.cogmento.com/&quot;" time="0"/>
  <testcase classname="| Automobile | Tesla | Battery powered cars |" name="When User enters &quot;er_manpreet68@yahoo.com&quot; and &quot;SatnamKaur@1990&quot;" time="0"/>
  <testcase classname="| Automobile | Tesla | Battery powered cars |" name="And User clicks on login button" time="0"/>
  <testcase classname="| Automobile | Tesla | Battery powered cars |" name="Then User should be navigated to Home page" time="0"/>
  <testcase classname="| Automobile | Tesla | Battery powered cars |" name="Given User is already on Home Page" time="0"/>
  <testcase classname="| Automobile | Tesla | Battery powered cars |" name="When User clicks on Deals from Side Menu" time="0.001"/>
  <testcase classname="| Automobile | Tesla | Battery powered cars |" name="And User click on Create Deal button" time="0"/>
  <testcase classname="| Automobile | Tesla | Battery powered cars |" name="And User enters deal details &quot;Automobile&quot;, &quot;Tesla&quot; and &quot;Battery powered cars&quot;" time="0"/>
  <testcase classname="| Automobile | Tesla | Battery powered cars |" name="And User click on Save Deal Button" time="0"/>
  <testcase classname="| Automobile | Tesla | Battery powered cars |" name="Then New deal should be added" time="0"/>
  <testcase classname="| Automobile | Tesla | Battery powered cars |" name="| Automobile | Tesla | Battery powered cars |" time="1.153"/>
  <testcase classname="| Food manufacturing | Nestle | Making Maggi for generations |" name="Given User is on Login page of website &quot;https://ui.cogmento.com/&quot;" time="0.001"/>
  <testcase classname="| Food manufacturing | Nestle | Making Maggi for generations |" name="When User enters &quot;er_manpreet68@yahoo.com&quot; and &quot;SatnamKaur@1990&quot;" time="0"/>
  <testcase classname="| Food manufacturing | Nestle | Making Maggi for generations |" name="And User clicks on login button" time="0"/>
  <testcase classname="| Food manufacturing | Nestle | Making Maggi for generations |" name="Then User should be navigated to Home page" time="0"/>
  <testcase classname="| Food manufacturing | Nestle | Making Maggi for generations |" name="Given User is already on Home Page" time="0"/>
  <testcase classname="| Food manufacturing | Nestle | Making Maggi for generations |" name="When User clicks on Deals from Side Menu" time="0"/>
  <testcase classname="| Food manufacturing | Nestle | Making Maggi for generations |" name="And User click on Create Deal button" time="0"/>
  <testcase classname="| Food manufacturing | Nestle | Making Maggi for generations |" name="And User enters deal details &quot;Food manufacturing&quot;, &quot;Nestle&quot; and &quot;Making Maggi for generations&quot;" time="0"/>
  <testcase classname="| Food manufacturing | Nestle | Making Maggi for generations |" name="And User click on Save Deal Button" time="0"/>
  <testcase classname="| Food manufacturing | Nestle | Making Maggi for generations |" name="Then New deal should be added" time="0"/>
  <testcase classname="| Food manufacturing | Nestle | Making Maggi for generations |" name="| Food manufacturing | Nestle | Making Maggi for generations |" time="1.71"/>
  <testcase classname="| Nestle | Food manufacturing | Making Maggi for generations |" name="Given User is on Login page of website &quot;https://ui.cogmento.com/&quot;" time="0"/>
  <testcase classname="| Nestle | Food manufacturing | Making Maggi for generations |" name="When User enters &quot;er_manpreet68@yahoo.com&quot; and &quot;SatnamKaur@1990&quot;" time="0"/>
  <testcase classname="| Nestle | Food manufacturing | Making Maggi for generations |" name="And User clicks on login button" time="0"/>
  <testcase classname="| Nestle | Food manufacturing | Making Maggi for generations |" name="Then User should be navigated to Home page" time="0"/>
  <testcase classname="| Nestle | Food manufacturing | Making Maggi for generations |" name="Given User is already on Home Page" time="0"/>
  <testcase classname="| Nestle | Food manufacturing | Making Maggi for generations |" name="When User clicks on Companies from Side Menu" time="0"/>
  <testcase classname="| Nestle | Food manufacturing | Making Maggi for generations |" name="And User click on Create Company button" time="0"/>
  <testcase classname="| Nestle | Food manufacturing | Making Maggi for generations |" name="And User enters company details &quot;Nestle&quot;, &quot;Food manufacturing&quot; and &quot;Making Maggi for generations&quot;" time="0"/>
  <testcase classname="| Nestle | Food manufacturing | Making Maggi for generations |" name="And User click on Save Company Button" time="0"/>
  <testcase classname="| Nestle | Food manufacturing | Making Maggi for generations |" name="Then New Company should be added" time="0"/>
  <testcase classname="| Nestle | Food manufacturing | Making Maggi for generations |" name="| Nestle | Food manufacturing | Making Maggi for generations |" time="1.092"/>
  <testcase classname="| Tesla | Space | Building awesome rockets |" name="Given User is on Login page of website &quot;https://ui.cogmento.com/&quot;" time="0"/>
  <testcase classname="| Tesla | Space | Building awesome rockets |" name="When User enters &quot;er_manpreet68@yahoo.com&quot; and &quot;SatnamKaur@1990&quot;" time="0"/>
  <testcase classname="| Tesla | Space | Building awesome rockets |" name="And User clicks on login button" time="0.001"/>
  <testcase classname="| Tesla | Space | Building awesome rockets |" name="Then User should be navigated to Home page" time="0.001"/>
  <testcase classname="| Tesla | Space | Building awesome rockets |" name="Given User is already on Home Page" time="0"/>
  <testcase classname="| Tesla | Space | Building awesome rockets |" name="When User clicks on Companies from Side Menu" time="0"/>
  <testcase classname="| Tesla | Space | Building awesome rockets |" name="And User click on Create Company button" time="0.001"/>
  <testcase classname="| Tesla | Space | Building awesome rockets |" name="And User enters company details &quot;Tesla&quot;, &quot;Space&quot; and &quot;Building awesome rockets&quot;" time="0"/>
  <testcase classname="| Tesla | Space | Building awesome rockets |" name="And User click on Save Company Button" time="0"/>
  <testcase classname="| Tesla | Space | Building awesome rockets |" name="Then New Company should be added" time="0"/>
  <testcase classname="| Tesla | Space | Building awesome rockets |" name="| Tesla | Space | Building awesome rockets |" time="1.203"/>
  <testcase classname="| Food manufacturing | Nestle | Making Maggi for gegenrations |" name="Given User is on Login page of website &quot;https://ui.cogmento.com/&quot;" time="0"/>
  <testcase classname="| Food manufacturing | Nestle | Making Maggi for gegenrations |" name="When User enters &quot;er_manpreet68@yahoo.com&quot; and &quot;SatnamKaur@1990&quot;" time="0"/>
  <testcase classname="| Food manufacturing | Nestle | Making Maggi for gegenrations |" name="And User clicks on login button" time="0"/>
  <testcase classname="| Food manufacturing | Nestle | Making Maggi for gegenrations |" name="Then User should be navigated to Home page" time="0"/>
  <testcase classname="| Food manufacturing | Nestle | Making Maggi for gegenrations |" name="Given User is already on Home Page" time="0"/>
  <testcase classname="| Food manufacturing | Nestle | Making Maggi for gegenrations |" name="When User clicks on Companies from Side Menu" time="0"/>
  <testcase classname="| Food manufacturing | Nestle | Making Maggi for gegenrations |" name="And User click on Create Company button" time="0"/>
  <testcase classname="| Food manufacturing | Nestle | Making Maggi for gegenrations |" name="And User enters company details &quot;Food manufacturing&quot;, &quot;Nestle&quot; and &quot;Making Maggi for gegenrations&quot;" time="0.001"/>
  <testcase classname="| Food manufacturing | Nestle | Making Maggi for gegenrations |" name="And User click on Save Company Button" time="0"/>
  <testcase classname="| Food manufacturing | Nestle | Making Maggi for gegenrations |" name="Then New Company should be added" time="0"/>
  <testcase classname="| Food manufacturing | Nestle | Making Maggi for gegenrations |" name="| Food manufacturing | Nestle | Making Maggi for gegenrations |" time="1.155"/>
</testsuite>